<?xml version="1.0" encoding="UTF-8"?>
<!-- Generated by org.testng.reporters.JUnitXMLReporter -->
<testsuite ignored="0" hostname="LAPTOP-TINQNFE1" failures="0" tests="0" name="Default test" time="0.554" errors="0" timestamp="2023-05-16T17:34:07 EDT">
  <testcase classname="io.cucumber.testng.AbstractTestNGCucumberTests" name="@BeforeClass setUpClass" time="0.409">
    <failure type="java.lang.RuntimeException" message="browser not specified in the testng.xml">
      <![CDATA[java.lang.RuntimeException: browser not specified in the testng.xml
at utils.Configreader.getBrowserType(Configreader.java:18)
at HooksPkg.Hooks.before(Hooks.java:24)
]]>
    </failure>
  </testcase> <!-- @BeforeClass setUpClass -->
</testsuite> <!-- Default test -->
