<?xml version="1.0" encoding="UTF-8"?>
<testng-results ignored="0" total="110" passed="107" failed="3" skipped="0">
  <reporter-output>
  </reporter-output>
  <suite started-at="2023-05-17T16:34:05 EDT" name="crossBrowserTestSuite" finished-at="2023-05-17T16:35:32 EDT" duration-ms="86401">
    <groups>
      <group name="cucumber">
        <method signature="AbstractTestNGCucumberTests.runScenario(io.cucumber.testng.PickleWrapper,io.cucumber.testng.FeatureWrapper)[pri:0, instance:testRunner.TestNGRunner@69c81773]" name="runScenario" class="io.cucumber.testng.AbstractTestNGCucumberTests"/>
        <method signature="AbstractTestNGCucumberTests.runScenario(io.cucumber.testng.PickleWrapper,io.cucumber.testng.FeatureWrapper)[pri:0, instance:testRunner.TestNGRunner@5a7fe64f]" name="runScenario" class="io.cucumber.testng.AbstractTestNGCucumberTests"/>
      </group> <!-- cucumber -->
    </groups>
    <test started-at="2023-05-17T16:34:05 EDT" name="chromeTest" finished-at="2023-05-17T16:35:01 EDT" duration-ms="56144">
      <class name="testRunner.TestNGRunner">
        <test-method is-config="true" signature="definebrowser(java.lang.String)[pri:0, instance:testRunner.TestNGRunner@69c81773]" started-at="2023-05-17T16:34:05 EDT" name="definebrowser" finished-at="2023-05-17T16:34:05 EDT" duration-ms="18" status="PASS">
          <params>
            <param index="0">
              <value>
                <![CDATA[chrome]]>
              </value>
            </param>
          </params>
          <reporter-output>
          </reporter-output>
        </test-method> <!-- definebrowser -->
        <test-method is-config="true" signature="setUpClass(org.testng.ITestContext)[pri:0, instance:testRunner.TestNGRunner@69c81773]" started-at="2023-05-17T16:34:05 EDT" name="setUpClass" finished-at="2023-05-17T16:34:09 EDT" duration-ms="3938" status="PASS">
          <params>
            <param index="0">
              <value>
                <![CDATA[org.testng.TestRunner@6f2d0d25]]>
              </value>
            </param>
          </params>
          <reporter-output>
          </reporter-output>
        </test-method> <!-- setUpClass -->
        <test-method signature="runScenario(io.cucumber.testng.PickleWrapper,io.cucumber.testng.FeatureWrapper)[pri:0, instance:testRunner.TestNGRunner@69c81773]" started-at="2023-05-17T16:34:09 EDT" name="runScenario" description="Runs Cucumber Scenarios" data-provider="scenarios" finished-at="2023-05-17T16:34:10 EDT" duration-ms="890" status="PASS">
          <params>
            <param index="0">
              <value>
                <![CDATA["Launch url and navigate to home page"]]>
              </value>
            </param>
            <param index="1">
              <value>
                <![CDATA["Optional[feature to test ds algo portal link]"]]>
              </value>
            </param>
          </params>
          <reporter-output>
          </reporter-output>
        </test-method> <!-- runScenario -->
        <test-method signature="runScenario(io.cucumber.testng.PickleWrapper,io.cucumber.testng.FeatureWrapper)[pri:0, instance:testRunner.TestNGRunner@69c81773]" started-at="2023-05-17T16:34:10 EDT" name="runScenario" description="Runs Cucumber Scenarios" data-provider="scenarios" finished-at="2023-05-17T16:34:10 EDT" duration-ms="309" status="PASS">
          <params>
            <param index="0">
              <value>
                <![CDATA["User navigate to home page"]]>
              </value>
            </param>
            <param index="1">
              <value>
                <![CDATA["Optional[evaluate home page]"]]>
              </value>
            </param>
          </params>
          <reporter-output>
          </reporter-output>
        </test-method> <!-- runScenario -->
        <test-method signature="runScenario(io.cucumber.testng.PickleWrapper,io.cucumber.testng.FeatureWrapper)[pri:0, instance:testRunner.TestNGRunner@69c81773]" started-at="2023-05-17T16:34:10 EDT" name="runScenario" description="Runs Cucumber Scenarios" data-provider="scenarios" finished-at="2023-05-17T16:34:11 EDT" duration-ms="315" status="PASS">
          <params>
            <param index="0">
              <value>
                <![CDATA["Launch url and navigate to home page"]]>
              </value>
            </param>
            <param index="1">
              <value>
                <![CDATA["Optional[evaluate home page]"]]>
              </value>
            </param>
          </params>
          <reporter-output>
          </reporter-output>
        </test-method> <!-- runScenario -->
        <test-method signature="runScenario(io.cucumber.testng.PickleWrapper,io.cucumber.testng.FeatureWrapper)[pri:0, instance:testRunner.TestNGRunner@69c81773]" started-at="2023-05-17T16:34:11 EDT" name="runScenario" description="Runs Cucumber Scenarios" data-provider="scenarios" finished-at="2023-05-17T16:34:12 EDT" duration-ms="1018" status="PASS">
          <params>
            <param index="0">
              <value>
                <![CDATA["user navigate to registration page"]]>
              </value>
            </param>
            <param index="1">
              <value>
                <![CDATA["Optional[feature to test new user registration]"]]>
              </value>
            </param>
          </params>
          <reporter-output>
          </reporter-output>
        </test-method> <!-- runScenario -->
        <test-method signature="runScenario(io.cucumber.testng.PickleWrapper,io.cucumber.testng.FeatureWrapper)[pri:0, instance:testRunner.TestNGRunner@69c81773]" started-at="2023-05-17T16:34:12 EDT" name="runScenario" description="Runs Cucumber Scenarios" data-provider="scenarios" finished-at="2023-05-17T16:34:12 EDT" duration-ms="501" status="PASS">
          <params>
            <param index="0">
              <value>
                <![CDATA["user navigate to registration page"]]>
              </value>
            </param>
            <param index="1">
              <value>
                <![CDATA["Optional[feature to test new user registration]"]]>
              </value>
            </param>
          </params>
          <reporter-output>
          </reporter-output>
        </test-method> <!-- runScenario -->
        <test-method signature="runScenario(io.cucumber.testng.PickleWrapper,io.cucumber.testng.FeatureWrapper)[pri:0, instance:testRunner.TestNGRunner@69c81773]" started-at="2023-05-17T16:34:12 EDT" name="runScenario" description="Runs Cucumber Scenarios" data-provider="scenarios" finished-at="2023-05-17T16:34:13 EDT" duration-ms="403" status="PASS">
          <params>
            <param index="0">
              <value>
                <![CDATA["user navigate to registration page"]]>
              </value>
            </param>
            <param index="1">
              <value>
                <![CDATA["Optional[feature to test new user registration]"]]>
              </value>
            </param>
          </params>
          <reporter-output>
          </reporter-output>
        </test-method> <!-- runScenario -->
        <test-method signature="runScenario(io.cucumber.testng.PickleWrapper,io.cucumber.testng.FeatureWrapper)[pri:0, instance:testRunner.TestNGRunner@69c81773]" started-at="2023-05-17T16:34:13 EDT" name="runScenario" description="Runs Cucumber Scenarios" data-provider="scenarios" finished-at="2023-05-17T16:34:13 EDT" duration-ms="473" status="PASS">
          <params>
            <param index="0">
              <value>
                <![CDATA["user navigate to registration page"]]>
              </value>
            </param>
            <param index="1">
              <value>
                <![CDATA["Optional[feature to test new user registration]"]]>
              </value>
            </param>
          </params>
          <reporter-output>
          </reporter-output>
        </test-method> <!-- runScenario -->
        <test-method signature="runScenario(io.cucumber.testng.PickleWrapper,io.cucumber.testng.FeatureWrapper)[pri:0, instance:testRunner.TestNGRunner@69c81773]" started-at="2023-05-17T16:34:13 EDT" name="runScenario" description="Runs Cucumber Scenarios" data-provider="scenarios" finished-at="2023-05-17T16:34:14 EDT" duration-ms="467" status="PASS">
          <params>
            <param index="0">
              <value>
                <![CDATA["user navigate to registration page"]]>
              </value>
            </param>
            <param index="1">
              <value>
                <![CDATA["Optional[feature to test new user registration]"]]>
              </value>
            </param>
          </params>
          <reporter-output>
          </reporter-output>
        </test-method> <!-- runScenario -->
        <test-method signature="runScenario(io.cucumber.testng.PickleWrapper,io.cucumber.testng.FeatureWrapper)[pri:0, instance:testRunner.TestNGRunner@69c81773]" started-at="2023-05-17T16:34:14 EDT" name="runScenario" description="Runs Cucumber Scenarios" data-provider="scenarios" finished-at="2023-05-17T16:34:14 EDT" duration-ms="437" status="PASS">
          <params>
            <param index="0">
              <value>
                <![CDATA["user navigate to registration page"]]>
              </value>
            </param>
            <param index="1">
              <value>
                <![CDATA["Optional[feature to test new user registration]"]]>
              </value>
            </param>
          </params>
          <reporter-output>
          </reporter-output>
        </test-method> <!-- runScenario -->
        <test-method signature="runScenario(io.cucumber.testng.PickleWrapper,io.cucumber.testng.FeatureWrapper)[pri:0, instance:testRunner.TestNGRunner@69c81773]" started-at="2023-05-17T16:34:14 EDT" name="runScenario" description="Runs Cucumber Scenarios" data-provider="scenarios" finished-at="2023-05-17T16:34:15 EDT" duration-ms="428" status="PASS">
          <params>
            <param index="0">
              <value>
                <![CDATA["user navigate to registration page"]]>
              </value>
            </param>
            <param index="1">
              <value>
                <![CDATA["Optional[feature to test new user registration]"]]>
              </value>
            </param>
          </params>
          <reporter-output>
          </reporter-output>
        </test-method> <!-- runScenario -->
        <test-method signature="runScenario(io.cucumber.testng.PickleWrapper,io.cucumber.testng.FeatureWrapper)[pri:0, instance:testRunner.TestNGRunner@69c81773]" started-at="2023-05-17T16:34:15 EDT" name="runScenario" description="Runs Cucumber Scenarios" data-provider="scenarios" finished-at="2023-05-17T16:34:15 EDT" duration-ms="466" status="PASS">
          <params>
            <param index="0">
              <value>
                <![CDATA["user navigate to registration page"]]>
              </value>
            </param>
            <param index="1">
              <value>
                <![CDATA["Optional[feature to test new user registration]"]]>
              </value>
            </param>
          </params>
          <reporter-output>
          </reporter-output>
        </test-method> <!-- runScenario -->
        <test-method signature="runScenario(io.cucumber.testng.PickleWrapper,io.cucumber.testng.FeatureWrapper)[pri:0, instance:testRunner.TestNGRunner@69c81773]" started-at="2023-05-17T16:34:15 EDT" name="runScenario" description="Runs Cucumber Scenarios" data-provider="scenarios" finished-at="2023-05-17T16:34:15 EDT" duration-ms="439" status="PASS">
          <params>
            <param index="0">
              <value>
                <![CDATA["user navigate to registration page"]]>
              </value>
            </param>
            <param index="1">
              <value>
                <![CDATA["Optional[feature to test new user registration]"]]>
              </value>
            </param>
          </params>
          <reporter-output>
          </reporter-output>
        </test-method> <!-- runScenario -->
        <test-method signature="runScenario(io.cucumber.testng.PickleWrapper,io.cucumber.testng.FeatureWrapper)[pri:0, instance:testRunner.TestNGRunner@69c81773]" started-at="2023-05-17T16:34:15 EDT" name="runScenario" description="Runs Cucumber Scenarios" data-provider="scenarios" finished-at="2023-05-17T16:34:16 EDT" duration-ms="412" status="PASS">
          <params>
            <param index="0">
              <value>
                <![CDATA["user navigate to registration page"]]>
              </value>
            </param>
            <param index="1">
              <value>
                <![CDATA["Optional[feature to test new user registration]"]]>
              </value>
            </param>
          </params>
          <reporter-output>
          </reporter-output>
        </test-method> <!-- runScenario -->
        <test-method signature="runScenario(io.cucumber.testng.PickleWrapper,io.cucumber.testng.FeatureWrapper)[pri:0, instance:testRunner.TestNGRunner@69c81773]" started-at="2023-05-17T16:34:16 EDT" name="runScenario" description="Runs Cucumber Scenarios" data-provider="scenarios" finished-at="2023-05-17T16:34:16 EDT" duration-ms="598" status="PASS">
          <params>
            <param index="0">
              <value>
                <![CDATA["user navigate to registration page"]]>
              </value>
            </param>
            <param index="1">
              <value>
                <![CDATA["Optional[feature to test new user registration]"]]>
              </value>
            </param>
          </params>
          <reporter-output>
          </reporter-output>
        </test-method> <!-- runScenario -->
        <test-method signature="runScenario(io.cucumber.testng.PickleWrapper,io.cucumber.testng.FeatureWrapper)[pri:0, instance:testRunner.TestNGRunner@69c81773]" started-at="2023-05-17T16:34:16 EDT" name="runScenario" description="Runs Cucumber Scenarios" data-provider="scenarios" finished-at="2023-05-17T16:34:17 EDT" duration-ms="415" status="PASS">
          <params>
            <param index="0">
              <value>
                <![CDATA["User on login page and login with inavalid and validinputs from Excel"Sheet1" and0"]]>
              </value>
            </param>
            <param index="1">
              <value>
                <![CDATA["Optional[User enter valid and invalid credentials for login]"]]>
              </value>
            </param>
          </params>
          <reporter-output>
          </reporter-output>
        </test-method> <!-- runScenario -->
        <test-method signature="runScenario(io.cucumber.testng.PickleWrapper,io.cucumber.testng.FeatureWrapper)[pri:0, instance:testRunner.TestNGRunner@69c81773]" started-at="2023-05-17T16:34:17 EDT" name="runScenario" description="Runs Cucumber Scenarios" data-provider="scenarios" finished-at="2023-05-17T16:34:18 EDT" duration-ms="1370" status="PASS">
          <params>
            <param index="0">
              <value>
                <![CDATA["User on login page and login with inavalid and validinputs from Excel"Sheet1" and1"]]>
              </value>
            </param>
            <param index="1">
              <value>
                <![CDATA["Optional[User enter valid and invalid credentials for login]"]]>
              </value>
            </param>
          </params>
          <reporter-output>
          </reporter-output>
        </test-method> <!-- runScenario -->
        <test-method signature="runScenario(io.cucumber.testng.PickleWrapper,io.cucumber.testng.FeatureWrapper)[pri:0, instance:testRunner.TestNGRunner@69c81773]" started-at="2023-05-17T16:34:18 EDT" name="runScenario" description="Runs Cucumber Scenarios" data-provider="scenarios" finished-at="2023-05-17T16:34:19 EDT" duration-ms="427" status="PASS">
          <params>
            <param index="0">
              <value>
                <![CDATA["User on login page and login with inavalid and validinputs from Excel"Sheet1" and2"]]>
              </value>
            </param>
            <param index="1">
              <value>
                <![CDATA["Optional[User enter valid and invalid credentials for login]"]]>
              </value>
            </param>
          </params>
          <reporter-output>
          </reporter-output>
        </test-method> <!-- runScenario -->
        <test-method signature="runScenario(io.cucumber.testng.PickleWrapper,io.cucumber.testng.FeatureWrapper)[pri:0, instance:testRunner.TestNGRunner@69c81773]" started-at="2023-05-17T16:34:19 EDT" name="runScenario" description="Runs Cucumber Scenarios" data-provider="scenarios" finished-at="2023-05-17T16:34:19 EDT" duration-ms="526" status="PASS">
          <params>
            <param index="0">
              <value>
                <![CDATA["User on login page and login with inavalid and validinputs from Excel"Sheet1" and3"]]>
              </value>
            </param>
            <param index="1">
              <value>
                <![CDATA["Optional[User enter valid and invalid credentials for login]"]]>
              </value>
            </param>
          </params>
          <reporter-output>
          </reporter-output>
        </test-method> <!-- runScenario -->
        <test-method signature="runScenario(io.cucumber.testng.PickleWrapper,io.cucumber.testng.FeatureWrapper)[pri:0, instance:testRunner.TestNGRunner@69c81773]" started-at="2023-05-17T16:34:19 EDT" name="runScenario" description="Runs Cucumber Scenarios" data-provider="scenarios" finished-at="2023-05-17T16:34:26 EDT" duration-ms="6494" status="FAIL">
          <params>
            <param index="0">
              <value>
                <![CDATA["User is able to navigate Data Structures Introduction"]]>
              </value>
            </param>
            <param index="1">
              <value>
                <![CDATA["Optional[Evaluate Data stuructures Introduction]"]]>
              </value>
            </param>
          </params>
          <exception class="org.openqa.selenium.ElementNotInteractableException">
            <message>
              <![CDATA[element not interactable
  (Session info: chrome=113.0.5672.93)
Build info: version: '4.9.0', revision: 'd7057100a6'
System info: os.name: 'Windows 11', os.arch: 'amd64', os.version: '10.0', java.version: '20.0.1'
Driver info: org.openqa.selenium.chrome.ChromeDriver
Command: [3068c2da2dbe360a63ab18fd95996fd9, sendKeysToElement {id=8D74B9896CCC3ED00DDA7D9279447D3A_element_210, value=[Ljava.lang.CharSequence;@2d705998}]
Capabilities {acceptInsecureCerts: false, browserName: chrome, browserVersion: 113.0.5672.93, chrome: {chromedriverVersion: 113.0.5672.63 (0e1a4471d5ae..., userDataDir: C:\Users\kiran\AppData\Loca...}, goog:chromeOptions: {debuggerAddress: localhost:60280}, networkConnectionEnabled: false, pageLoadStrategy: normal, platformName: WINDOWS, proxy: Proxy(), se:cdp: ws://localhost:60280/devtoo..., se:cdpVersion: 113.0.5672.93, setWindowRect: true, strictFileInteractability: false, timeouts: {implicit: 0, pageLoad: 300000, script: 30000}, unhandledPromptBehavior: dismiss and notify, webauthn:extension:credBlob: true, webauthn:extension:largeBlob: true, webauthn:extension:minPinLength: true, webauthn:extension:prf: true, webauthn:virtualAuthenticators: true}
Element: [[ChromeDriver: chrome on WINDOWS (3068c2da2dbe360a63ab18fd95996fd9)] -> xpath: //form[@id='answer_form']/div/div/div/textarea]
Session ID: 3068c2da2dbe360a63ab18fd95996fd9]]>
            </message>
            <full-stacktrace>
              <![CDATA[org.openqa.selenium.ElementNotInteractableException: element not interactable
  (Session info: chrome=113.0.5672.93)
Build info: version: '4.9.0', revision: 'd7057100a6'
System info: os.name: 'Windows 11', os.arch: 'amd64', os.version: '10.0', java.version: '20.0.1'
Driver info: org.openqa.selenium.chrome.ChromeDriver
Command: [3068c2da2dbe360a63ab18fd95996fd9, sendKeysToElement {id=8D74B9896CCC3ED00DDA7D9279447D3A_element_210, value=[Ljava.lang.CharSequence;@2d705998}]
Capabilities {acceptInsecureCerts: false, browserName: chrome, browserVersion: 113.0.5672.93, chrome: {chromedriverVersion: 113.0.5672.63 (0e1a4471d5ae..., userDataDir: C:\Users\kiran\AppData\Loca...}, goog:chromeOptions: {debuggerAddress: localhost:60280}, networkConnectionEnabled: false, pageLoadStrategy: normal, platformName: WINDOWS, proxy: Proxy(), se:cdp: ws://localhost:60280/devtoo..., se:cdpVersion: 113.0.5672.93, setWindowRect: true, strictFileInteractability: false, timeouts: {implicit: 0, pageLoad: 300000, script: 30000}, unhandledPromptBehavior: dismiss and notify, webauthn:extension:credBlob: true, webauthn:extension:largeBlob: true, webauthn:extension:minPinLength: true, webauthn:extension:prf: true, webauthn:virtualAuthenticators: true}
Element: [[ChromeDriver: chrome on WINDOWS (3068c2da2dbe360a63ab18fd95996fd9)] -> xpath: //form[@id='answer_form']/div/div/div/textarea]
Session ID: 3068c2da2dbe360a63ab18fd95996fd9
at java.base/jdk.internal.reflect.DirectConstructorHandleAccessor.newInstance(DirectConstructorHandleAccessor.java:67)
at java.base/java.lang.reflect.Constructor.newInstanceWithCaller(Constructor.java:500)
at java.base/java.lang.reflect.Constructor.newInstance(Constructor.java:484)
at org.openqa.selenium.remote.codec.w3c.W3CHttpResponseCodec.createException(W3CHttpResponseCodec.java:200)
at org.openqa.selenium.remote.codec.w3c.W3CHttpResponseCodec.decode(W3CHttpResponseCodec.java:133)
at org.openqa.selenium.remote.codec.w3c.W3CHttpResponseCodec.decode(W3CHttpResponseCodec.java:53)
at org.openqa.selenium.remote.HttpCommandExecutor.execute(HttpCommandExecutor.java:193)
at org.openqa.selenium.remote.service.DriverCommandExecutor.invokeExecute(DriverCommandExecutor.java:183)
at org.openqa.selenium.remote.service.DriverCommandExecutor.execute(DriverCommandExecutor.java:158)
at org.openqa.selenium.remote.RemoteWebDriver.execute(RemoteWebDriver.java:543)
at org.openqa.selenium.remote.RemoteWebElement.execute(RemoteWebElement.java:257)
at org.openqa.selenium.remote.RemoteWebElement.sendKeys(RemoteWebElement.java:113)
at java.base/jdk.internal.reflect.DirectMethodHandleAccessor.invoke(DirectMethodHandleAccessor.java:104)
at java.base/java.lang.reflect.Method.invoke(Method.java:578)
at org.openqa.selenium.support.pagefactory.internal.LocatingElementHandler.invoke(LocatingElementHandler.java:52)
at jdk.proxy2/jdk.proxy2.$Proxy46.sendKeys(Unknown Source)
at pageObjects.ArraysPage.Txtarea(ArraysPage.java:73)
at stepdefinitions.ArraysSteps.the_user_enter_valid_python_code_in_try_editor_from_sheet_and(ArraysSteps.java:77)
at ✽.The user enter valid python code in tryEditor from sheet "Sheet1" and 0(file:///C:/Users/kiran/eclipse-workspace/DsAlgo_Project/src/test/resources/features/5Datastructures.feature:10)
]]>
            </full-stacktrace>
          </exception> <!-- org.openqa.selenium.ElementNotInteractableException -->
          <reporter-output>
          </reporter-output>
        </test-method> <!-- runScenario -->
        <test-method signature="runScenario(io.cucumber.testng.PickleWrapper,io.cucumber.testng.FeatureWrapper)[pri:0, instance:testRunner.TestNGRunner@69c81773]" started-at="2023-05-17T16:34:26 EDT" name="runScenario" description="Runs Cucumber Scenarios" data-provider="scenarios" finished-at="2023-05-17T16:34:31 EDT" duration-ms="5226" status="FAIL">
          <params>
            <param index="0">
              <value>
                <![CDATA["User is able to navigate to tryeditor page and run invalid python code"]]>
              </value>
            </param>
            <param index="1">
              <value>
                <![CDATA["Optional[Evaluate Data stuructures Introduction]"]]>
              </value>
            </param>
          </params>
          <exception class="org.openqa.selenium.NoSuchElementException">
            <message>
              <![CDATA[no such element: Unable to locate element: {"method":"xpath","selector":"//a[text()='Try here>>>']"}
  (Session info: chrome=113.0.5672.93)
For documentation on this error, please visit: https://selenium.dev/exceptions/#no_such_element
Build info: version: '4.9.0', revision: 'd7057100a6'
System info: os.name: 'Windows 11', os.arch: 'amd64', os.version: '10.0', java.version: '20.0.1'
Driver info: org.openqa.selenium.chrome.ChromeDriver
Command: [3068c2da2dbe360a63ab18fd95996fd9, findElement {using=xpath, value=//a[text()='Try here>>>']}]
Capabilities {acceptInsecureCerts: false, browserName: chrome, browserVersion: 113.0.5672.93, chrome: {chromedriverVersion: 113.0.5672.63 (0e1a4471d5ae..., userDataDir: C:\Users\kiran\AppData\Loca...}, goog:chromeOptions: {debuggerAddress: localhost:60280}, networkConnectionEnabled: false, pageLoadStrategy: normal, platformName: WINDOWS, proxy: Proxy(), se:cdp: ws://localhost:60280/devtoo..., se:cdpVersion: 113.0.5672.93, setWindowRect: true, strictFileInteractability: false, timeouts: {implicit: 0, pageLoad: 300000, script: 30000}, unhandledPromptBehavior: dismiss and notify, webauthn:extension:credBlob: true, webauthn:extension:largeBlob: true, webauthn:extension:minPinLength: true, webauthn:extension:prf: true, webauthn:virtualAuthenticators: true}
Session ID: 3068c2da2dbe360a63ab18fd95996fd9]]>
            </message>
            <full-stacktrace>
              <![CDATA[org.openqa.selenium.NoSuchElementException: no such element: Unable to locate element: {"method":"xpath","selector":"//a[text()='Try here>>>']"}
  (Session info: chrome=113.0.5672.93)
For documentation on this error, please visit: https://selenium.dev/exceptions/#no_such_element
Build info: version: '4.9.0', revision: 'd7057100a6'
System info: os.name: 'Windows 11', os.arch: 'amd64', os.version: '10.0', java.version: '20.0.1'
Driver info: org.openqa.selenium.chrome.ChromeDriver
Command: [3068c2da2dbe360a63ab18fd95996fd9, findElement {using=xpath, value=//a[text()='Try here>>>']}]
Capabilities {acceptInsecureCerts: false, browserName: chrome, browserVersion: 113.0.5672.93, chrome: {chromedriverVersion: 113.0.5672.63 (0e1a4471d5ae..., userDataDir: C:\Users\kiran\AppData\Loca...}, goog:chromeOptions: {debuggerAddress: localhost:60280}, networkConnectionEnabled: false, pageLoadStrategy: normal, platformName: WINDOWS, proxy: Proxy(), se:cdp: ws://localhost:60280/devtoo..., se:cdpVersion: 113.0.5672.93, setWindowRect: true, strictFileInteractability: false, timeouts: {implicit: 0, pageLoad: 300000, script: 30000}, unhandledPromptBehavior: dismiss and notify, webauthn:extension:credBlob: true, webauthn:extension:largeBlob: true, webauthn:extension:minPinLength: true, webauthn:extension:prf: true, webauthn:virtualAuthenticators: true}
Session ID: 3068c2da2dbe360a63ab18fd95996fd9
at java.base/jdk.internal.reflect.DirectConstructorHandleAccessor.newInstance(DirectConstructorHandleAccessor.java:67)
at java.base/java.lang.reflect.Constructor.newInstanceWithCaller(Constructor.java:500)
at java.base/java.lang.reflect.Constructor.newInstance(Constructor.java:484)
at org.openqa.selenium.remote.codec.w3c.W3CHttpResponseCodec.createException(W3CHttpResponseCodec.java:200)
at org.openqa.selenium.remote.codec.w3c.W3CHttpResponseCodec.decode(W3CHttpResponseCodec.java:133)
at org.openqa.selenium.remote.codec.w3c.W3CHttpResponseCodec.decode(W3CHttpResponseCodec.java:53)
at org.openqa.selenium.remote.HttpCommandExecutor.execute(HttpCommandExecutor.java:193)
at org.openqa.selenium.remote.service.DriverCommandExecutor.invokeExecute(DriverCommandExecutor.java:183)
at org.openqa.selenium.remote.service.DriverCommandExecutor.execute(DriverCommandExecutor.java:158)
at org.openqa.selenium.remote.RemoteWebDriver.execute(RemoteWebDriver.java:543)
at org.openqa.selenium.remote.ElementLocation$ElementFinder$2.findElement(ElementLocation.java:162)
at org.openqa.selenium.remote.ElementLocation.findElement(ElementLocation.java:60)
at org.openqa.selenium.remote.RemoteWebDriver.findElement(RemoteWebDriver.java:352)
at org.openqa.selenium.remote.RemoteWebDriver.findElement(RemoteWebDriver.java:344)
at org.openqa.selenium.support.pagefactory.DefaultElementLocator.findElement(DefaultElementLocator.java:70)
at org.openqa.selenium.support.pagefactory.internal.LocatingElementHandler.invoke(LocatingElementHandler.java:39)
at jdk.proxy2/jdk.proxy2.$Proxy46.click(Unknown Source)
at pageObjects.ArraysPage.TryHere(ArraysPage.java:68)
at stepdefinitions.ArraysSteps.click_try_here_button_and_navigate_to_try_edidor_page(ArraysSteps.java:133)
at ✽.click Try here button and navigate to try edidor page(file:///C:/Users/kiran/eclipse-workspace/DsAlgo_Project/src/test/resources/features/5Datastructures.feature:19)
]]>
            </full-stacktrace>
          </exception> <!-- org.openqa.selenium.NoSuchElementException -->
          <reporter-output>
          </reporter-output>
        </test-method> <!-- runScenario -->
        <test-method signature="runScenario(io.cucumber.testng.PickleWrapper,io.cucumber.testng.FeatureWrapper)[pri:0, instance:testRunner.TestNGRunner@69c81773]" started-at="2023-05-17T16:34:31 EDT" name="runScenario" description="Runs Cucumber Scenarios" data-provider="scenarios" finished-at="2023-05-17T16:34:36 EDT" duration-ms="5182" status="FAIL">
          <params>
            <param index="0">
              <value>
                <![CDATA["User is able to navigate to practice questions"]]>
              </value>
            </param>
            <param index="1">
              <value>
                <![CDATA["Optional[Evaluate Data stuructures Introduction]"]]>
              </value>
            </param>
          </params>
          <exception class="org.openqa.selenium.NoSuchElementException">
            <message>
              <![CDATA[no such element: Unable to locate element: {"method":"link text","selector":"Practice Questions"}
  (Session info: chrome=113.0.5672.93)
For documentation on this error, please visit: https://selenium.dev/exceptions/#no_such_element
Build info: version: '4.9.0', revision: 'd7057100a6'
System info: os.name: 'Windows 11', os.arch: 'amd64', os.version: '10.0', java.version: '20.0.1'
Driver info: org.openqa.selenium.chrome.ChromeDriver
Command: [3068c2da2dbe360a63ab18fd95996fd9, findElement {using=link text, value=Practice Questions}]
Capabilities {acceptInsecureCerts: false, browserName: chrome, browserVersion: 113.0.5672.93, chrome: {chromedriverVersion: 113.0.5672.63 (0e1a4471d5ae..., userDataDir: C:\Users\kiran\AppData\Loca...}, goog:chromeOptions: {debuggerAddress: localhost:60280}, networkConnectionEnabled: false, pageLoadStrategy: normal, platformName: WINDOWS, proxy: Proxy(), se:cdp: ws://localhost:60280/devtoo..., se:cdpVersion: 113.0.5672.93, setWindowRect: true, strictFileInteractability: false, timeouts: {implicit: 0, pageLoad: 300000, script: 30000}, unhandledPromptBehavior: dismiss and notify, webauthn:extension:credBlob: true, webauthn:extension:largeBlob: true, webauthn:extension:minPinLength: true, webauthn:extension:prf: true, webauthn:virtualAuthenticators: true}
Session ID: 3068c2da2dbe360a63ab18fd95996fd9]]>
            </message>
            <full-stacktrace>
              <![CDATA[org.openqa.selenium.NoSuchElementException: no such element: Unable to locate element: {"method":"link text","selector":"Practice Questions"}
  (Session info: chrome=113.0.5672.93)
For documentation on this error, please visit: https://selenium.dev/exceptions/#no_such_element
Build info: version: '4.9.0', revision: 'd7057100a6'
System info: os.name: 'Windows 11', os.arch: 'amd64', os.version: '10.0', java.version: '20.0.1'
Driver info: org.openqa.selenium.chrome.ChromeDriver
Command: [3068c2da2dbe360a63ab18fd95996fd9, findElement {using=link text, value=Practice Questions}]
Capabilities {acceptInsecureCerts: false, browserName: chrome, browserVersion: 113.0.5672.93, chrome: {chromedriverVersion: 113.0.5672.63 (0e1a4471d5ae..., userDataDir: C:\Users\kiran\AppData\Loca...}, goog:chromeOptions: {debuggerAddress: localhost:60280}, networkConnectionEnabled: false, pageLoadStrategy: normal, platformName: WINDOWS, proxy: Proxy(), se:cdp: ws://localhost:60280/devtoo..., se:cdpVersion: 113.0.5672.93, setWindowRect: true, strictFileInteractability: false, timeouts: {implicit: 0, pageLoad: 300000, script: 30000}, unhandledPromptBehavior: dismiss and notify, webauthn:extension:credBlob: true, webauthn:extension:largeBlob: true, webauthn:extension:minPinLength: true, webauthn:extension:prf: true, webauthn:virtualAuthenticators: true}
Session ID: 3068c2da2dbe360a63ab18fd95996fd9
at java.base/jdk.internal.reflect.DirectConstructorHandleAccessor.newInstance(DirectConstructorHandleAccessor.java:67)
at java.base/java.lang.reflect.Constructor.newInstanceWithCaller(Constructor.java:500)
at java.base/java.lang.reflect.Constructor.newInstance(Constructor.java:484)
at org.openqa.selenium.remote.codec.w3c.W3CHttpResponseCodec.createException(W3CHttpResponseCodec.java:200)
at org.openqa.selenium.remote.codec.w3c.W3CHttpResponseCodec.decode(W3CHttpResponseCodec.java:133)
at org.openqa.selenium.remote.codec.w3c.W3CHttpResponseCodec.decode(W3CHttpResponseCodec.java:53)
at org.openqa.selenium.remote.HttpCommandExecutor.execute(HttpCommandExecutor.java:193)
at org.openqa.selenium.remote.service.DriverCommandExecutor.invokeExecute(DriverCommandExecutor.java:183)
at org.openqa.selenium.remote.service.DriverCommandExecutor.execute(DriverCommandExecutor.java:158)
at org.openqa.selenium.remote.RemoteWebDriver.execute(RemoteWebDriver.java:543)
at org.openqa.selenium.remote.ElementLocation$ElementFinder$2.findElement(ElementLocation.java:162)
at org.openqa.selenium.remote.ElementLocation.findElement(ElementLocation.java:60)
at org.openqa.selenium.remote.RemoteWebDriver.findElement(RemoteWebDriver.java:352)
at org.openqa.selenium.remote.RemoteWebDriver.findElement(RemoteWebDriver.java:344)
at org.openqa.selenium.support.pagefactory.DefaultElementLocator.findElement(DefaultElementLocator.java:70)
at org.openqa.selenium.support.pagefactory.internal.LocatingElementHandler.invoke(LocatingElementHandler.java:39)
at jdk.proxy2/jdk.proxy2.$Proxy46.click(Unknown Source)
at pageObjects.DatastructurePage.practicequestions(DatastructurePage.java:59)
at stepdefinitions.DatastructureSteps.user_click_on_practice_questons(DatastructureSteps.java:27)
at ✽.User click on practice questons(file:///C:/Users/kiran/eclipse-workspace/DsAlgo_Project/src/test/resources/features/5Datastructures.feature:29)
]]>
            </full-stacktrace>
          </exception> <!-- org.openqa.selenium.NoSuchElementException -->
          <reporter-output>
          </reporter-output>
        </test-method> <!-- runScenario -->
        <test-method signature="runScenario(io.cucumber.testng.PickleWrapper,io.cucumber.testng.FeatureWrapper)[pri:0, instance:testRunner.TestNGRunner@69c81773]" started-at="2023-05-17T16:34:36 EDT" name="runScenario" description="Runs Cucumber Scenarios" data-provider="scenarios" finished-at="2023-05-17T16:34:40 EDT" duration-ms="3815" status="PASS">
          <params>
            <param index="0">
              <value>
                <![CDATA["The user is able to navigate to a page having Arrays in Python Topic"]]>
              </value>
            </param>
            <param index="1">
              <value>
                <![CDATA["Optional[Evaluate arrays module]"]]>
              </value>
            </param>
          </params>
          <reporter-output>
          </reporter-output>
        </test-method> <!-- runScenario -->
        <test-method signature="runScenario(io.cucumber.testng.PickleWrapper,io.cucumber.testng.FeatureWrapper)[pri:0, instance:testRunner.TestNGRunner@69c81773]" started-at="2023-05-17T16:34:40 EDT" name="runScenario" description="Runs Cucumber Scenarios" data-provider="scenarios" finished-at="2023-05-17T16:34:41 EDT" duration-ms="1116" status="PASS">
          <params>
            <param index="0">
              <value>
                <![CDATA["User is able to navigate to tryeditor page and run valid python code"]]>
              </value>
            </param>
            <param index="1">
              <value>
                <![CDATA["Optional[Evaluate arrays module]"]]>
              </value>
            </param>
          </params>
          <reporter-output>
          </reporter-output>
        </test-method> <!-- runScenario -->
        <test-method signature="runScenario(io.cucumber.testng.PickleWrapper,io.cucumber.testng.FeatureWrapper)[pri:0, instance:testRunner.TestNGRunner@69c81773]" started-at="2023-05-17T16:34:41 EDT" name="runScenario" description="Runs Cucumber Scenarios" data-provider="scenarios" finished-at="2023-05-17T16:34:43 EDT" duration-ms="2289" status="PASS">
          <params>
            <param index="0">
              <value>
                <![CDATA["User is able to navigate to tryeditor page and run invalid python code"]]>
              </value>
            </param>
            <param index="1">
              <value>
                <![CDATA["Optional[Evaluate arrays module]"]]>
              </value>
            </param>
          </params>
          <reporter-output>
          </reporter-output>
        </test-method> <!-- runScenario -->
        <test-method signature="runScenario(io.cucumber.testng.PickleWrapper,io.cucumber.testng.FeatureWrapper)[pri:0, instance:testRunner.TestNGRunner@69c81773]" started-at="2023-05-17T16:34:43 EDT" name="runScenario" description="Runs Cucumber Scenarios" data-provider="scenarios" finished-at="2023-05-17T16:34:44 EDT" duration-ms="771" status="PASS">
          <params>
            <param index="0">
              <value>
                <![CDATA["User is able to navigate to tryeditor page and run valid python code"]]>
              </value>
            </param>
            <param index="1">
              <value>
                <![CDATA["Optional[Evaluate arrays module]"]]>
              </value>
            </param>
          </params>
          <reporter-output>
          </reporter-output>
        </test-method> <!-- runScenario -->
        <test-method signature="runScenario(io.cucumber.testng.PickleWrapper,io.cucumber.testng.FeatureWrapper)[pri:0, instance:testRunner.TestNGRunner@69c81773]" started-at="2023-05-17T16:34:44 EDT" name="runScenario" description="Runs Cucumber Scenarios" data-provider="scenarios" finished-at="2023-05-17T16:34:45 EDT" duration-ms="587" status="PASS">
          <params>
            <param index="0">
              <value>
                <![CDATA["User is able to navigate to tryeditor page and run invalid python code"]]>
              </value>
            </param>
            <param index="1">
              <value>
                <![CDATA["Optional[Evaluate arrays module]"]]>
              </value>
            </param>
          </params>
          <reporter-output>
          </reporter-output>
        </test-method> <!-- runScenario -->
        <test-method signature="runScenario(io.cucumber.testng.PickleWrapper,io.cucumber.testng.FeatureWrapper)[pri:0, instance:testRunner.TestNGRunner@69c81773]" started-at="2023-05-17T16:34:45 EDT" name="runScenario" description="Runs Cucumber Scenarios" data-provider="scenarios" finished-at="2023-05-17T16:34:45 EDT" duration-ms="591" status="PASS">
          <params>
            <param index="0">
              <value>
                <![CDATA["User is able to navigate to tryeditor page and run valid python code"]]>
              </value>
            </param>
            <param index="1">
              <value>
                <![CDATA["Optional[Evaluate arrays module]"]]>
              </value>
            </param>
          </params>
          <reporter-output>
          </reporter-output>
        </test-method> <!-- runScenario -->
        <test-method signature="runScenario(io.cucumber.testng.PickleWrapper,io.cucumber.testng.FeatureWrapper)[pri:0, instance:testRunner.TestNGRunner@69c81773]" started-at="2023-05-17T16:34:45 EDT" name="runScenario" description="Runs Cucumber Scenarios" data-provider="scenarios" finished-at="2023-05-17T16:34:46 EDT" duration-ms="558" status="PASS">
          <params>
            <param index="0">
              <value>
                <![CDATA["User is able to navigate to tryeditor page and run invalid python code"]]>
              </value>
            </param>
            <param index="1">
              <value>
                <![CDATA["Optional[Evaluate arrays module]"]]>
              </value>
            </param>
          </params>
          <reporter-output>
          </reporter-output>
        </test-method> <!-- runScenario -->
        <test-method signature="runScenario(io.cucumber.testng.PickleWrapper,io.cucumber.testng.FeatureWrapper)[pri:0, instance:testRunner.TestNGRunner@69c81773]" started-at="2023-05-17T16:34:46 EDT" name="runScenario" description="Runs Cucumber Scenarios" data-provider="scenarios" finished-at="2023-05-17T16:34:46 EDT" duration-ms="549" status="PASS">
          <params>
            <param index="0">
              <value>
                <![CDATA["User is able to navigate to tryeditor page and run valid python code"]]>
              </value>
            </param>
            <param index="1">
              <value>
                <![CDATA["Optional[Evaluate arrays module]"]]>
              </value>
            </param>
          </params>
          <reporter-output>
          </reporter-output>
        </test-method> <!-- runScenario -->
        <test-method signature="runScenario(io.cucumber.testng.PickleWrapper,io.cucumber.testng.FeatureWrapper)[pri:0, instance:testRunner.TestNGRunner@69c81773]" started-at="2023-05-17T16:34:46 EDT" name="runScenario" description="Runs Cucumber Scenarios" data-provider="scenarios" finished-at="2023-05-17T16:34:47 EDT" duration-ms="517" status="PASS">
          <params>
            <param index="0">
              <value>
                <![CDATA["User is able to navigate to tryeditor page and run invalid python code"]]>
              </value>
            </param>
            <param index="1">
              <value>
                <![CDATA["Optional[Evaluate arrays module]"]]>
              </value>
            </param>
          </params>
          <reporter-output>
          </reporter-output>
        </test-method> <!-- runScenario -->
        <test-method signature="runScenario(io.cucumber.testng.PickleWrapper,io.cucumber.testng.FeatureWrapper)[pri:0, instance:testRunner.TestNGRunner@69c81773]" started-at="2023-05-17T16:34:47 EDT" name="runScenario" description="Runs Cucumber Scenarios" data-provider="scenarios" finished-at="2023-05-17T16:34:48 EDT" duration-ms="864" status="PASS">
          <params>
            <param index="0">
              <value>
                <![CDATA["User is able to navigate to tryeditor page and run valid python code"]]>
              </value>
            </param>
            <param index="1">
              <value>
                <![CDATA["Optional[Evaluate arrays module]"]]>
              </value>
            </param>
          </params>
          <reporter-output>
          </reporter-output>
        </test-method> <!-- runScenario -->
        <test-method signature="runScenario(io.cucumber.testng.PickleWrapper,io.cucumber.testng.FeatureWrapper)[pri:0, instance:testRunner.TestNGRunner@69c81773]" started-at="2023-05-17T16:34:48 EDT" name="runScenario" description="Runs Cucumber Scenarios" data-provider="scenarios" finished-at="2023-05-17T16:34:48 EDT" duration-ms="395" status="PASS">
          <params>
            <param index="0">
              <value>
                <![CDATA["User is able to navigate to tryeditor page and run invalid python code"]]>
              </value>
            </param>
            <param index="1">
              <value>
                <![CDATA["Optional[Evaluate arrays module]"]]>
              </value>
            </param>
          </params>
          <reporter-output>
          </reporter-output>
        </test-method> <!-- runScenario -->
        <test-method signature="runScenario(io.cucumber.testng.PickleWrapper,io.cucumber.testng.FeatureWrapper)[pri:0, instance:testRunner.TestNGRunner@69c81773]" started-at="2023-05-17T16:34:48 EDT" name="runScenario" description="Runs Cucumber Scenarios" data-provider="scenarios" finished-at="2023-05-17T16:34:49 EDT" duration-ms="757" status="PASS">
          <params>
            <param index="0">
              <value>
                <![CDATA["User is able to navigate to tryeditor page and run valid python code"]]>
              </value>
            </param>
            <param index="1">
              <value>
                <![CDATA["Optional[Evaluate arrays module]"]]>
              </value>
            </param>
          </params>
          <reporter-output>
          </reporter-output>
        </test-method> <!-- runScenario -->
        <test-method signature="runScenario(io.cucumber.testng.PickleWrapper,io.cucumber.testng.FeatureWrapper)[pri:0, instance:testRunner.TestNGRunner@69c81773]" started-at="2023-05-17T16:34:49 EDT" name="runScenario" description="Runs Cucumber Scenarios" data-provider="scenarios" finished-at="2023-05-17T16:34:49 EDT" duration-ms="464" status="PASS">
          <params>
            <param index="0">
              <value>
                <![CDATA["User is able to navigate to tryeditor page and run invalid python code"]]>
              </value>
            </param>
            <param index="1">
              <value>
                <![CDATA["Optional[Evaluate arrays module]"]]>
              </value>
            </param>
          </params>
          <reporter-output>
          </reporter-output>
        </test-method> <!-- runScenario -->
        <test-method signature="runScenario(io.cucumber.testng.PickleWrapper,io.cucumber.testng.FeatureWrapper)[pri:0, instance:testRunner.TestNGRunner@69c81773]" started-at="2023-05-17T16:34:49 EDT" name="runScenario" description="Runs Cucumber Scenarios" data-provider="scenarios" finished-at="2023-05-17T16:34:50 EDT" duration-ms="478" status="PASS">
          <params>
            <param index="0">
              <value>
                <![CDATA["User is able to navigate to tryeditor page and run valid python code"]]>
              </value>
            </param>
            <param index="1">
              <value>
                <![CDATA["Optional[Evaluate arrays module]"]]>
              </value>
            </param>
          </params>
          <reporter-output>
          </reporter-output>
        </test-method> <!-- runScenario -->
        <test-method signature="runScenario(io.cucumber.testng.PickleWrapper,io.cucumber.testng.FeatureWrapper)[pri:0, instance:testRunner.TestNGRunner@69c81773]" started-at="2023-05-17T16:34:50 EDT" name="runScenario" description="Runs Cucumber Scenarios" data-provider="scenarios" finished-at="2023-05-17T16:34:50 EDT" duration-ms="403" status="PASS">
          <params>
            <param index="0">
              <value>
                <![CDATA["User is able to navigate to tryeditor page and run invalid python code"]]>
              </value>
            </param>
            <param index="1">
              <value>
                <![CDATA["Optional[Evaluate arrays module]"]]>
              </value>
            </param>
          </params>
          <reporter-output>
          </reporter-output>
        </test-method> <!-- runScenario -->
        <test-method signature="runScenario(io.cucumber.testng.PickleWrapper,io.cucumber.testng.FeatureWrapper)[pri:0, instance:testRunner.TestNGRunner@69c81773]" started-at="2023-05-17T16:34:50 EDT" name="runScenario" description="Runs Cucumber Scenarios" data-provider="scenarios" finished-at="2023-05-17T16:34:51 EDT" duration-ms="447" status="PASS">
          <params>
            <param index="0">
              <value>
                <![CDATA["User is able to navigate to tryeditor page and run valid python code"]]>
              </value>
            </param>
            <param index="1">
              <value>
                <![CDATA["Optional[Evaluate arrays module]"]]>
              </value>
            </param>
          </params>
          <reporter-output>
          </reporter-output>
        </test-method> <!-- runScenario -->
        <test-method signature="runScenario(io.cucumber.testng.PickleWrapper,io.cucumber.testng.FeatureWrapper)[pri:0, instance:testRunner.TestNGRunner@69c81773]" started-at="2023-05-17T16:34:51 EDT" name="runScenario" description="Runs Cucumber Scenarios" data-provider="scenarios" finished-at="2023-05-17T16:34:51 EDT" duration-ms="412" status="PASS">
          <params>
            <param index="0">
              <value>
                <![CDATA["User is able to navigate to tryeditor page and run invalid python code"]]>
              </value>
            </param>
            <param index="1">
              <value>
                <![CDATA["Optional[Evaluate arrays module]"]]>
              </value>
            </param>
          </params>
          <reporter-output>
          </reporter-output>
        </test-method> <!-- runScenario -->
        <test-method signature="runScenario(io.cucumber.testng.PickleWrapper,io.cucumber.testng.FeatureWrapper)[pri:0, instance:testRunner.TestNGRunner@69c81773]" started-at="2023-05-17T16:34:51 EDT" name="runScenario" description="Runs Cucumber Scenarios" data-provider="scenarios" finished-at="2023-05-17T16:34:52 EDT" duration-ms="575" status="PASS">
          <params>
            <param index="0">
              <value>
                <![CDATA["User is Logged in to DSAlgo portal"]]>
              </value>
            </param>
            <param index="1">
              <value>
                <![CDATA["Optional[Evaluate Linkedlist Module]"]]>
              </value>
            </param>
          </params>
          <reporter-output>
          </reporter-output>
        </test-method> <!-- runScenario -->
        <test-method signature="runScenario(io.cucumber.testng.PickleWrapper,io.cucumber.testng.FeatureWrapper)[pri:0, instance:testRunner.TestNGRunner@69c81773]" started-at="2023-05-17T16:34:52 EDT" name="runScenario" description="Runs Cucumber Scenarios" data-provider="scenarios" finished-at="2023-05-17T16:34:53 EDT" duration-ms="1204" status="PASS">
          <params>
            <param index="0">
              <value>
                <![CDATA["User Navigating to LinkedList Page"]]>
              </value>
            </param>
            <param index="1">
              <value>
                <![CDATA["Optional[Evaluate Linkedlist Module]"]]>
              </value>
            </param>
          </params>
          <reporter-output>
          </reporter-output>
        </test-method> <!-- runScenario -->
        <test-method signature="runScenario(io.cucumber.testng.PickleWrapper,io.cucumber.testng.FeatureWrapper)[pri:0, instance:testRunner.TestNGRunner@69c81773]" started-at="2023-05-17T16:34:53 EDT" name="runScenario" description="Runs Cucumber Scenarios" data-provider="scenarios" finished-at="2023-05-17T16:34:53 EDT" duration-ms="405" status="PASS">
          <params>
            <param index="0">
              <value>
                <![CDATA["user navigating to Introduction of LinkedlistPage and using Data from Excel to evaluate"]]>
              </value>
            </param>
            <param index="1">
              <value>
                <![CDATA["Optional[Evaluate Linkedlist Module]"]]>
              </value>
            </param>
          </params>
          <reporter-output>
          </reporter-output>
        </test-method> <!-- runScenario -->
        <test-method signature="runScenario(io.cucumber.testng.PickleWrapper,io.cucumber.testng.FeatureWrapper)[pri:0, instance:testRunner.TestNGRunner@69c81773]" started-at="2023-05-17T16:34:53 EDT" name="runScenario" description="Runs Cucumber Scenarios" data-provider="scenarios" finished-at="2023-05-17T16:34:54 EDT" duration-ms="425" status="PASS">
          <params>
            <param index="0">
              <value>
                <![CDATA["user navigating to Introduction of LinkedlistPage and using Data from Excel to evaluate"]]>
              </value>
            </param>
            <param index="1">
              <value>
                <![CDATA["Optional[Evaluate Linkedlist Module]"]]>
              </value>
            </param>
          </params>
          <reporter-output>
          </reporter-output>
        </test-method> <!-- runScenario -->
        <test-method signature="runScenario(io.cucumber.testng.PickleWrapper,io.cucumber.testng.FeatureWrapper)[pri:0, instance:testRunner.TestNGRunner@69c81773]" started-at="2023-05-17T16:34:54 EDT" name="runScenario" description="Runs Cucumber Scenarios" data-provider="scenarios" finished-at="2023-05-17T16:34:54 EDT" duration-ms="566" status="PASS">
          <params>
            <param index="0">
              <value>
                <![CDATA["User navigating to Creating a Linked list page"]]>
              </value>
            </param>
            <param index="1">
              <value>
                <![CDATA["Optional[Evaluate Linkedlist Module]"]]>
              </value>
            </param>
          </params>
          <reporter-output>
          </reporter-output>
        </test-method> <!-- runScenario -->
        <test-method signature="runScenario(io.cucumber.testng.PickleWrapper,io.cucumber.testng.FeatureWrapper)[pri:0, instance:testRunner.TestNGRunner@69c81773]" started-at="2023-05-17T16:34:54 EDT" name="runScenario" description="Runs Cucumber Scenarios" data-provider="scenarios" finished-at="2023-05-17T16:34:55 EDT" duration-ms="538" status="PASS">
          <params>
            <param index="0">
              <value>
                <![CDATA["User navigating to Creating a Linked list page"]]>
              </value>
            </param>
            <param index="1">
              <value>
                <![CDATA["Optional[Evaluate Linkedlist Module]"]]>
              </value>
            </param>
          </params>
          <reporter-output>
          </reporter-output>
        </test-method> <!-- runScenario -->
        <test-method signature="runScenario(io.cucumber.testng.PickleWrapper,io.cucumber.testng.FeatureWrapper)[pri:0, instance:testRunner.TestNGRunner@69c81773]" started-at="2023-05-17T16:34:55 EDT" name="runScenario" description="Runs Cucumber Scenarios" data-provider="scenarios" finished-at="2023-05-17T16:34:56 EDT" duration-ms="591" status="PASS">
          <params>
            <param index="0">
              <value>
                <![CDATA["User navigating to Types of Linked list page"]]>
              </value>
            </param>
            <param index="1">
              <value>
                <![CDATA["Optional[Evaluate Linkedlist Module]"]]>
              </value>
            </param>
          </params>
          <reporter-output>
          </reporter-output>
        </test-method> <!-- runScenario -->
        <test-method signature="runScenario(io.cucumber.testng.PickleWrapper,io.cucumber.testng.FeatureWrapper)[pri:0, instance:testRunner.TestNGRunner@69c81773]" started-at="2023-05-17T16:34:56 EDT" name="runScenario" description="Runs Cucumber Scenarios" data-provider="scenarios" finished-at="2023-05-17T16:34:56 EDT" duration-ms="566" status="PASS">
          <params>
            <param index="0">
              <value>
                <![CDATA["User navigating to Types of Linked list page"]]>
              </value>
            </param>
            <param index="1">
              <value>
                <![CDATA["Optional[Evaluate Linkedlist Module]"]]>
              </value>
            </param>
          </params>
          <reporter-output>
          </reporter-output>
        </test-method> <!-- runScenario -->
        <test-method signature="runScenario(io.cucumber.testng.PickleWrapper,io.cucumber.testng.FeatureWrapper)[pri:0, instance:testRunner.TestNGRunner@69c81773]" started-at="2023-05-17T16:34:56 EDT" name="runScenario" description="Runs Cucumber Scenarios" data-provider="scenarios" finished-at="2023-05-17T16:34:57 EDT" duration-ms="537" status="PASS">
          <params>
            <param index="0">
              <value>
                <![CDATA["User navigating to Implement Linked list page"]]>
              </value>
            </param>
            <param index="1">
              <value>
                <![CDATA["Optional[Evaluate Linkedlist Module]"]]>
              </value>
            </param>
          </params>
          <reporter-output>
          </reporter-output>
        </test-method> <!-- runScenario -->
        <test-method signature="runScenario(io.cucumber.testng.PickleWrapper,io.cucumber.testng.FeatureWrapper)[pri:0, instance:testRunner.TestNGRunner@69c81773]" started-at="2023-05-17T16:34:57 EDT" name="runScenario" description="Runs Cucumber Scenarios" data-provider="scenarios" finished-at="2023-05-17T16:34:57 EDT" duration-ms="516" status="PASS">
          <params>
            <param index="0">
              <value>
                <![CDATA["User navigating to Implement Linked list page"]]>
              </value>
            </param>
            <param index="1">
              <value>
                <![CDATA["Optional[Evaluate Linkedlist Module]"]]>
              </value>
            </param>
          </params>
          <reporter-output>
          </reporter-output>
        </test-method> <!-- runScenario -->
        <test-method signature="runScenario(io.cucumber.testng.PickleWrapper,io.cucumber.testng.FeatureWrapper)[pri:0, instance:testRunner.TestNGRunner@69c81773]" started-at="2023-05-17T16:34:57 EDT" name="runScenario" description="Runs Cucumber Scenarios" data-provider="scenarios" finished-at="2023-05-17T16:34:58 EDT" duration-ms="568" status="PASS">
          <params>
            <param index="0">
              <value>
                <![CDATA["User navigating to Traversal of Linked list page"]]>
              </value>
            </param>
            <param index="1">
              <value>
                <![CDATA["Optional[Evaluate Linkedlist Module]"]]>
              </value>
            </param>
          </params>
          <reporter-output>
          </reporter-output>
        </test-method> <!-- runScenario -->
        <test-method signature="runScenario(io.cucumber.testng.PickleWrapper,io.cucumber.testng.FeatureWrapper)[pri:0, instance:testRunner.TestNGRunner@69c81773]" started-at="2023-05-17T16:34:58 EDT" name="runScenario" description="Runs Cucumber Scenarios" data-provider="scenarios" finished-at="2023-05-17T16:34:58 EDT" duration-ms="539" status="PASS">
          <params>
            <param index="0">
              <value>
                <![CDATA["User navigating to Traversal of Linked list page"]]>
              </value>
            </param>
            <param index="1">
              <value>
                <![CDATA["Optional[Evaluate Linkedlist Module]"]]>
              </value>
            </param>
          </params>
          <reporter-output>
          </reporter-output>
        </test-method> <!-- runScenario -->
        <test-method signature="runScenario(io.cucumber.testng.PickleWrapper,io.cucumber.testng.FeatureWrapper)[pri:0, instance:testRunner.TestNGRunner@69c81773]" started-at="2023-05-17T16:34:58 EDT" name="runScenario" description="Runs Cucumber Scenarios" data-provider="scenarios" finished-at="2023-05-17T16:34:59 EDT" duration-ms="591" status="PASS">
          <params>
            <param index="0">
              <value>
                <![CDATA["User navigating to Insertion of Linked list page"]]>
              </value>
            </param>
            <param index="1">
              <value>
                <![CDATA["Optional[Evaluate Linkedlist Module]"]]>
              </value>
            </param>
          </params>
          <reporter-output>
          </reporter-output>
        </test-method> <!-- runScenario -->
        <test-method signature="runScenario(io.cucumber.testng.PickleWrapper,io.cucumber.testng.FeatureWrapper)[pri:0, instance:testRunner.TestNGRunner@69c81773]" started-at="2023-05-17T16:34:59 EDT" name="runScenario" description="Runs Cucumber Scenarios" data-provider="scenarios" finished-at="2023-05-17T16:34:59 EDT" duration-ms="566" status="PASS">
          <params>
            <param index="0">
              <value>
                <![CDATA["User navigating to Insertion of Linked list page"]]>
              </value>
            </param>
            <param index="1">
              <value>
                <![CDATA["Optional[Evaluate Linkedlist Module]"]]>
              </value>
            </param>
          </params>
          <reporter-output>
          </reporter-output>
        </test-method> <!-- runScenario -->
        <test-method signature="runScenario(io.cucumber.testng.PickleWrapper,io.cucumber.testng.FeatureWrapper)[pri:0, instance:testRunner.TestNGRunner@69c81773]" started-at="2023-05-17T16:34:59 EDT" name="runScenario" description="Runs Cucumber Scenarios" data-provider="scenarios" finished-at="2023-05-17T16:35:00 EDT" duration-ms="585" status="PASS">
          <params>
            <param index="0">
              <value>
                <![CDATA["User navigating to Deletion of Linked list page"]]>
              </value>
            </param>
            <param index="1">
              <value>
                <![CDATA["Optional[Evaluate Linkedlist Module]"]]>
              </value>
            </param>
          </params>
          <reporter-output>
          </reporter-output>
        </test-method> <!-- runScenario -->
        <test-method signature="runScenario(io.cucumber.testng.PickleWrapper,io.cucumber.testng.FeatureWrapper)[pri:0, instance:testRunner.TestNGRunner@69c81773]" started-at="2023-05-17T16:35:00 EDT" name="runScenario" description="Runs Cucumber Scenarios" data-provider="scenarios" finished-at="2023-05-17T16:35:01 EDT" duration-ms="487" status="PASS">
          <params>
            <param index="0">
              <value>
                <![CDATA["User navigating to Deletion of Linked list page"]]>
              </value>
            </param>
            <param index="1">
              <value>
                <![CDATA["Optional[Evaluate Linkedlist Module]"]]>
              </value>
            </param>
          </params>
          <reporter-output>
          </reporter-output>
        </test-method> <!-- runScenario -->
        <test-method signature="runScenario(io.cucumber.testng.PickleWrapper,io.cucumber.testng.FeatureWrapper)[pri:0, instance:testRunner.TestNGRunner@69c81773]" started-at="2023-05-17T16:35:01 EDT" name="runScenario" description="Runs Cucumber Scenarios" data-provider="scenarios" finished-at="2023-05-17T16:35:01 EDT" duration-ms="541" status="PASS">
          <params>
            <param index="0">
              <value>
                <![CDATA["User validating Practice Questions Page"]]>
              </value>
            </param>
            <param index="1">
              <value>
                <![CDATA["Optional[Evaluate Linkedlist Module]"]]>
              </value>
            </param>
          </params>
          <reporter-output>
          </reporter-output>
        </test-method> <!-- runScenario -->
        <test-method is-config="true" signature="tearDownClass()[pri:0, instance:testRunner.TestNGRunner@69c81773]" started-at="2023-05-17T16:35:01 EDT" name="tearDownClass" finished-at="2023-05-17T16:35:01 EDT" duration-ms="245" status="PASS">
          <reporter-output>
          </reporter-output>
        </test-method> <!-- tearDownClass -->
      </class> <!-- testRunner.TestNGRunner -->
    </test> <!-- chromeTest -->
    <test started-at="2023-05-17T16:35:01 EDT" name="EdgeTest" finished-at="2023-05-17T16:35:32 EDT" duration-ms="30200">
      <class name="testRunner.TestNGRunner">
        <test-method is-config="true" signature="definebrowser(java.lang.String)[pri:0, instance:testRunner.TestNGRunner@5a7fe64f]" started-at="2023-05-17T16:35:01 EDT" name="definebrowser" finished-at="2023-05-17T16:35:01 EDT" duration-ms="1" status="PASS">
          <params>
            <param index="0">
              <value>
                <![CDATA[edge]]>
              </value>
            </param>
          </params>
          <reporter-output>
          </reporter-output>
        </test-method> <!-- definebrowser -->
        <test-method is-config="true" signature="setUpClass(org.testng.ITestContext)[pri:0, instance:testRunner.TestNGRunner@5a7fe64f]" started-at="2023-05-17T16:35:01 EDT" name="setUpClass" finished-at="2023-05-17T16:35:03 EDT" duration-ms="1220" status="PASS">
          <params>
            <param index="0">
              <value>
                <![CDATA[org.testng.TestRunner@750e313c]]>
              </value>
            </param>
          </params>
          <reporter-output>
          </reporter-output>
        </test-method> <!-- setUpClass -->
        <test-method signature="runScenario(io.cucumber.testng.PickleWrapper,io.cucumber.testng.FeatureWrapper)[pri:0, instance:testRunner.TestNGRunner@5a7fe64f]" started-at="2023-05-17T16:35:03 EDT" name="runScenario" description="Runs Cucumber Scenarios" data-provider="scenarios" finished-at="2023-05-17T16:35:03 EDT" duration-ms="749" status="PASS">
          <params>
            <param index="0">
              <value>
                <![CDATA["Launch url and navigate to home page"]]>
              </value>
            </param>
            <param index="1">
              <value>
                <![CDATA["Optional[feature to test ds algo portal link]"]]>
              </value>
            </param>
          </params>
          <reporter-output>
          </reporter-output>
        </test-method> <!-- runScenario -->
        <test-method signature="runScenario(io.cucumber.testng.PickleWrapper,io.cucumber.testng.FeatureWrapper)[pri:0, instance:testRunner.TestNGRunner@5a7fe64f]" started-at="2023-05-17T16:35:03 EDT" name="runScenario" description="Runs Cucumber Scenarios" data-provider="scenarios" finished-at="2023-05-17T16:35:04 EDT" duration-ms="285" status="PASS">
          <params>
            <param index="0">
              <value>
                <![CDATA["User navigate to home page"]]>
              </value>
            </param>
            <param index="1">
              <value>
                <![CDATA["Optional[evaluate home page]"]]>
              </value>
            </param>
          </params>
          <reporter-output>
          </reporter-output>
        </test-method> <!-- runScenario -->
        <test-method signature="runScenario(io.cucumber.testng.PickleWrapper,io.cucumber.testng.FeatureWrapper)[pri:0, instance:testRunner.TestNGRunner@5a7fe64f]" started-at="2023-05-17T16:35:04 EDT" name="runScenario" description="Runs Cucumber Scenarios" data-provider="scenarios" finished-at="2023-05-17T16:35:04 EDT" duration-ms="282" status="PASS">
          <params>
            <param index="0">
              <value>
                <![CDATA["Launch url and navigate to home page"]]>
              </value>
            </param>
            <param index="1">
              <value>
                <![CDATA["Optional[evaluate home page]"]]>
              </value>
            </param>
          </params>
          <reporter-output>
          </reporter-output>
        </test-method> <!-- runScenario -->
        <test-method signature="runScenario(io.cucumber.testng.PickleWrapper,io.cucumber.testng.FeatureWrapper)[pri:0, instance:testRunner.TestNGRunner@5a7fe64f]" started-at="2023-05-17T16:35:04 EDT" name="runScenario" description="Runs Cucumber Scenarios" data-provider="scenarios" finished-at="2023-05-17T16:35:04 EDT" duration-ms="377" status="PASS">
          <params>
            <param index="0">
              <value>
                <![CDATA["user navigate to registration page"]]>
              </value>
            </param>
            <param index="1">
              <value>
                <![CDATA["Optional[feature to test new user registration]"]]>
              </value>
            </param>
          </params>
          <reporter-output>
          </reporter-output>
        </test-method> <!-- runScenario -->
        <test-method signature="runScenario(io.cucumber.testng.PickleWrapper,io.cucumber.testng.FeatureWrapper)[pri:0, instance:testRunner.TestNGRunner@5a7fe64f]" started-at="2023-05-17T16:35:04 EDT" name="runScenario" description="Runs Cucumber Scenarios" data-provider="scenarios" finished-at="2023-05-17T16:35:05 EDT" duration-ms="377" status="PASS">
          <params>
            <param index="0">
              <value>
                <![CDATA["user navigate to registration page"]]>
              </value>
            </param>
            <param index="1">
              <value>
                <![CDATA["Optional[feature to test new user registration]"]]>
              </value>
            </param>
          </params>
          <reporter-output>
          </reporter-output>
        </test-method> <!-- runScenario -->
        <test-method signature="runScenario(io.cucumber.testng.PickleWrapper,io.cucumber.testng.FeatureWrapper)[pri:0, instance:testRunner.TestNGRunner@5a7fe64f]" started-at="2023-05-17T16:35:05 EDT" name="runScenario" description="Runs Cucumber Scenarios" data-provider="scenarios" finished-at="2023-05-17T16:35:05 EDT" duration-ms="354" status="PASS">
          <params>
            <param index="0">
              <value>
                <![CDATA["user navigate to registration page"]]>
              </value>
            </param>
            <param index="1">
              <value>
                <![CDATA["Optional[feature to test new user registration]"]]>
              </value>
            </param>
          </params>
          <reporter-output>
          </reporter-output>
        </test-method> <!-- runScenario -->
        <test-method signature="runScenario(io.cucumber.testng.PickleWrapper,io.cucumber.testng.FeatureWrapper)[pri:0, instance:testRunner.TestNGRunner@5a7fe64f]" started-at="2023-05-17T16:35:05 EDT" name="runScenario" description="Runs Cucumber Scenarios" data-provider="scenarios" finished-at="2023-05-17T16:35:06 EDT" duration-ms="447" status="PASS">
          <params>
            <param index="0">
              <value>
                <![CDATA["user navigate to registration page"]]>
              </value>
            </param>
            <param index="1">
              <value>
                <![CDATA["Optional[feature to test new user registration]"]]>
              </value>
            </param>
          </params>
          <reporter-output>
          </reporter-output>
        </test-method> <!-- runScenario -->
        <test-method signature="runScenario(io.cucumber.testng.PickleWrapper,io.cucumber.testng.FeatureWrapper)[pri:0, instance:testRunner.TestNGRunner@5a7fe64f]" started-at="2023-05-17T16:35:06 EDT" name="runScenario" description="Runs Cucumber Scenarios" data-provider="scenarios" finished-at="2023-05-17T16:35:06 EDT" duration-ms="429" status="PASS">
          <params>
            <param index="0">
              <value>
                <![CDATA["user navigate to registration page"]]>
              </value>
            </param>
            <param index="1">
              <value>
                <![CDATA["Optional[feature to test new user registration]"]]>
              </value>
            </param>
          </params>
          <reporter-output>
          </reporter-output>
        </test-method> <!-- runScenario -->
        <test-method signature="runScenario(io.cucumber.testng.PickleWrapper,io.cucumber.testng.FeatureWrapper)[pri:0, instance:testRunner.TestNGRunner@5a7fe64f]" started-at="2023-05-17T16:35:06 EDT" name="runScenario" description="Runs Cucumber Scenarios" data-provider="scenarios" finished-at="2023-05-17T16:35:06 EDT" duration-ms="411" status="PASS">
          <params>
            <param index="0">
              <value>
                <![CDATA["user navigate to registration page"]]>
              </value>
            </param>
            <param index="1">
              <value>
                <![CDATA["Optional[feature to test new user registration]"]]>
              </value>
            </param>
          </params>
          <reporter-output>
          </reporter-output>
        </test-method> <!-- runScenario -->
        <test-method signature="runScenario(io.cucumber.testng.PickleWrapper,io.cucumber.testng.FeatureWrapper)[pri:0, instance:testRunner.TestNGRunner@5a7fe64f]" started-at="2023-05-17T16:35:06 EDT" name="runScenario" description="Runs Cucumber Scenarios" data-provider="scenarios" finished-at="2023-05-17T16:35:07 EDT" duration-ms="405" status="PASS">
          <params>
            <param index="0">
              <value>
                <![CDATA["user navigate to registration page"]]>
              </value>
            </param>
            <param index="1">
              <value>
                <![CDATA["Optional[feature to test new user registration]"]]>
              </value>
            </param>
          </params>
          <reporter-output>
          </reporter-output>
        </test-method> <!-- runScenario -->
        <test-method signature="runScenario(io.cucumber.testng.PickleWrapper,io.cucumber.testng.FeatureWrapper)[pri:0, instance:testRunner.TestNGRunner@5a7fe64f]" started-at="2023-05-17T16:35:07 EDT" name="runScenario" description="Runs Cucumber Scenarios" data-provider="scenarios" finished-at="2023-05-17T16:35:07 EDT" duration-ms="427" status="PASS">
          <params>
            <param index="0">
              <value>
                <![CDATA["user navigate to registration page"]]>
              </value>
            </param>
            <param index="1">
              <value>
                <![CDATA["Optional[feature to test new user registration]"]]>
              </value>
            </param>
          </params>
          <reporter-output>
          </reporter-output>
        </test-method> <!-- runScenario -->
        <test-method signature="runScenario(io.cucumber.testng.PickleWrapper,io.cucumber.testng.FeatureWrapper)[pri:0, instance:testRunner.TestNGRunner@5a7fe64f]" started-at="2023-05-17T16:35:07 EDT" name="runScenario" description="Runs Cucumber Scenarios" data-provider="scenarios" finished-at="2023-05-17T16:35:08 EDT" duration-ms="383" status="PASS">
          <params>
            <param index="0">
              <value>
                <![CDATA["user navigate to registration page"]]>
              </value>
            </param>
            <param index="1">
              <value>
                <![CDATA["Optional[feature to test new user registration]"]]>
              </value>
            </param>
          </params>
          <reporter-output>
          </reporter-output>
        </test-method> <!-- runScenario -->
        <test-method signature="runScenario(io.cucumber.testng.PickleWrapper,io.cucumber.testng.FeatureWrapper)[pri:0, instance:testRunner.TestNGRunner@5a7fe64f]" started-at="2023-05-17T16:35:08 EDT" name="runScenario" description="Runs Cucumber Scenarios" data-provider="scenarios" finished-at="2023-05-17T16:35:08 EDT" duration-ms="394" status="PASS">
          <params>
            <param index="0">
              <value>
                <![CDATA["user navigate to registration page"]]>
              </value>
            </param>
            <param index="1">
              <value>
                <![CDATA["Optional[feature to test new user registration]"]]>
              </value>
            </param>
          </params>
          <reporter-output>
          </reporter-output>
        </test-method> <!-- runScenario -->
        <test-method signature="runScenario(io.cucumber.testng.PickleWrapper,io.cucumber.testng.FeatureWrapper)[pri:0, instance:testRunner.TestNGRunner@5a7fe64f]" started-at="2023-05-17T16:35:08 EDT" name="runScenario" description="Runs Cucumber Scenarios" data-provider="scenarios" finished-at="2023-05-17T16:35:09 EDT" duration-ms="537" status="PASS">
          <params>
            <param index="0">
              <value>
                <![CDATA["user navigate to registration page"]]>
              </value>
            </param>
            <param index="1">
              <value>
                <![CDATA["Optional[feature to test new user registration]"]]>
              </value>
            </param>
          </params>
          <reporter-output>
          </reporter-output>
        </test-method> <!-- runScenario -->
        <test-method signature="runScenario(io.cucumber.testng.PickleWrapper,io.cucumber.testng.FeatureWrapper)[pri:0, instance:testRunner.TestNGRunner@5a7fe64f]" started-at="2023-05-17T16:35:09 EDT" name="runScenario" description="Runs Cucumber Scenarios" data-provider="scenarios" finished-at="2023-05-17T16:35:09 EDT" duration-ms="339" status="PASS">
          <params>
            <param index="0">
              <value>
                <![CDATA["User on login page and login with inavalid and validinputs from Excel"Sheet1" and0"]]>
              </value>
            </param>
            <param index="1">
              <value>
                <![CDATA["Optional[User enter valid and invalid credentials for login]"]]>
              </value>
            </param>
          </params>
          <reporter-output>
          </reporter-output>
        </test-method> <!-- runScenario -->
        <test-method signature="runScenario(io.cucumber.testng.PickleWrapper,io.cucumber.testng.FeatureWrapper)[pri:0, instance:testRunner.TestNGRunner@5a7fe64f]" started-at="2023-05-17T16:35:09 EDT" name="runScenario" description="Runs Cucumber Scenarios" data-provider="scenarios" finished-at="2023-05-17T16:35:10 EDT" duration-ms="1305" status="PASS">
          <params>
            <param index="0">
              <value>
                <![CDATA["User on login page and login with inavalid and validinputs from Excel"Sheet1" and1"]]>
              </value>
            </param>
            <param index="1">
              <value>
                <![CDATA["Optional[User enter valid and invalid credentials for login]"]]>
              </value>
            </param>
          </params>
          <reporter-output>
          </reporter-output>
        </test-method> <!-- runScenario -->
        <test-method signature="runScenario(io.cucumber.testng.PickleWrapper,io.cucumber.testng.FeatureWrapper)[pri:0, instance:testRunner.TestNGRunner@5a7fe64f]" started-at="2023-05-17T16:35:10 EDT" name="runScenario" description="Runs Cucumber Scenarios" data-provider="scenarios" finished-at="2023-05-17T16:35:11 EDT" duration-ms="416" status="PASS">
          <params>
            <param index="0">
              <value>
                <![CDATA["User on login page and login with inavalid and validinputs from Excel"Sheet1" and2"]]>
              </value>
            </param>
            <param index="1">
              <value>
                <![CDATA["Optional[User enter valid and invalid credentials for login]"]]>
              </value>
            </param>
          </params>
          <reporter-output>
          </reporter-output>
        </test-method> <!-- runScenario -->
        <test-method signature="runScenario(io.cucumber.testng.PickleWrapper,io.cucumber.testng.FeatureWrapper)[pri:0, instance:testRunner.TestNGRunner@5a7fe64f]" started-at="2023-05-17T16:35:11 EDT" name="runScenario" description="Runs Cucumber Scenarios" data-provider="scenarios" finished-at="2023-05-17T16:35:11 EDT" duration-ms="514" status="PASS">
          <params>
            <param index="0">
              <value>
                <![CDATA["User on login page and login with inavalid and validinputs from Excel"Sheet1" and3"]]>
              </value>
            </param>
            <param index="1">
              <value>
                <![CDATA["Optional[User enter valid and invalid credentials for login]"]]>
              </value>
            </param>
[...]
              <value>
                <![CDATA["Optional[Evaluate arrays module]"]]>
              </value>
            </param>
          </params>
          <reporter-output>
          </reporter-output>
        </test-method> <!-- runScenario -->
        <test-method signature="runScenario(io.cucumber.testng.PickleWrapper,io.cucumber.testng.FeatureWrapper)[pri:0, instance:testRunner.TestNGRunner@5a7fe64f]" started-at="2023-05-17T16:35:19 EDT" name="runScenario" description="Runs Cucumber Scenarios" data-provider="scenarios" finished-at="2023-05-17T16:35:20 EDT" duration-ms="448" status="PASS">
          <params>
            <param index="0">
              <value>
                <![CDATA["User is able to navigate to tryeditor page and run valid python code"]]>
              </value>
            </param>
            <param index="1">
              <value>
                <![CDATA["Optional[Evaluate arrays module]"]]>
              </value>
            </param>
          </params>
          <reporter-output>
          </reporter-output>
        </test-method> <!-- runScenario -->
        <test-method signature="runScenario(io.cucumber.testng.PickleWrapper,io.cucumber.testng.FeatureWrapper)[pri:0, instance:testRunner.TestNGRunner@5a7fe64f]" started-at="2023-05-17T16:35:20 EDT" name="runScenario" description="Runs Cucumber Scenarios" data-provider="scenarios" finished-at="2023-05-17T16:35:20 EDT" duration-ms="380" status="PASS">
          <params>
            <param index="0">
              <value>
                <![CDATA["User is able to navigate to tryeditor page and run invalid python code"]]>
              </value>
            </param>
            <param index="1">
              <value>
                <![CDATA["Optional[Evaluate arrays module]"]]>
              </value>
            </param>
          </params>
          <reporter-output>
          </reporter-output>
        </test-method> <!-- runScenario -->
        <test-method signature="runScenario(io.cucumber.testng.PickleWrapper,io.cucumber.testng.FeatureWrapper)[pri:0, instance:testRunner.TestNGRunner@5a7fe64f]" started-at="2023-05-17T16:35:20 EDT" name="runScenario" description="Runs Cucumber Scenarios" data-provider="scenarios" finished-at="2023-05-17T16:35:20 EDT" duration-ms="466" status="PASS">
          <params>
            <param index="0">
              <value>
                <![CDATA["User is able to navigate to tryeditor page and run valid python code"]]>
              </value>
            </param>
            <param index="1">
              <value>
                <![CDATA["Optional[Evaluate arrays module]"]]>
              </value>
            </param>
          </params>
          <reporter-output>
          </reporter-output>
        </test-method> <!-- runScenario -->
        <test-method signature="runScenario(io.cucumber.testng.PickleWrapper,io.cucumber.testng.FeatureWrapper)[pri:0, instance:testRunner.TestNGRunner@5a7fe64f]" started-at="2023-05-17T16:35:20 EDT" name="runScenario" description="Runs Cucumber Scenarios" data-provider="scenarios" finished-at="2023-05-17T16:35:21 EDT" duration-ms="398" status="PASS">
          <params>
            <param index="0">
              <value>
                <![CDATA["User is able to navigate to tryeditor page and run invalid python code"]]>
              </value>
            </param>
            <param index="1">
              <value>
                <![CDATA["Optional[Evaluate arrays module]"]]>
              </value>
            </param>
          </params>
          <reporter-output>
          </reporter-output>
        </test-method> <!-- runScenario -->
        <test-method signature="runScenario(io.cucumber.testng.PickleWrapper,io.cucumber.testng.FeatureWrapper)[pri:0, instance:testRunner.TestNGRunner@5a7fe64f]" started-at="2023-05-17T16:35:21 EDT" name="runScenario" description="Runs Cucumber Scenarios" data-provider="scenarios" finished-at="2023-05-17T16:35:21 EDT" duration-ms="451" status="PASS">
          <params>
            <param index="0">
              <value>
                <![CDATA["User is able to navigate to tryeditor page and run valid python code"]]>
              </value>
            </param>
            <param index="1">
              <value>
                <![CDATA["Optional[Evaluate arrays module]"]]>
              </value>
            </param>
          </params>
          <reporter-output>
          </reporter-output>
        </test-method> <!-- runScenario -->
        <test-method signature="runScenario(io.cucumber.testng.PickleWrapper,io.cucumber.testng.FeatureWrapper)[pri:0, instance:testRunner.TestNGRunner@5a7fe64f]" started-at="2023-05-17T16:35:21 EDT" name="runScenario" description="Runs Cucumber Scenarios" data-provider="scenarios" finished-at="2023-05-17T16:35:22 EDT" duration-ms="394" status="PASS">
          <params>
            <param index="0">
              <value>
                <![CDATA["User is able to navigate to tryeditor page and run invalid python code"]]>
              </value>
            </param>
            <param index="1">
              <value>
                <![CDATA["Optional[Evaluate arrays module]"]]>
              </value>
            </param>
          </params>
          <reporter-output>
          </reporter-output>
        </test-method> <!-- runScenario -->
        <test-method signature="runScenario(io.cucumber.testng.PickleWrapper,io.cucumber.testng.FeatureWrapper)[pri:0, instance:testRunner.TestNGRunner@5a7fe64f]" started-at="2023-05-17T16:35:22 EDT" name="runScenario" description="Runs Cucumber Scenarios" data-provider="scenarios" finished-at="2023-05-17T16:35:22 EDT" duration-ms="580" status="PASS">
          <params>
            <param index="0">
              <value>
                <![CDATA["User is Logged in to DSAlgo portal"]]>
              </value>
            </param>
            <param index="1">
              <value>
                <![CDATA["Optional[Evaluate Linkedlist Module]"]]>
              </value>
            </param>
          </params>
          <reporter-output>
          </reporter-output>
        </test-method> <!-- runScenario -->
        <test-method signature="runScenario(io.cucumber.testng.PickleWrapper,io.cucumber.testng.FeatureWrapper)[pri:0, instance:testRunner.TestNGRunner@5a7fe64f]" started-at="2023-05-17T16:35:22 EDT" name="runScenario" description="Runs Cucumber Scenarios" data-provider="scenarios" finished-at="2023-05-17T16:35:23 EDT" duration-ms="1134" status="PASS">
          <params>
            <param index="0">
              <value>
                <![CDATA["User Navigating to LinkedList Page"]]>
              </value>
            </param>
            <param index="1">
              <value>
                <![CDATA["Optional[Evaluate Linkedlist Module]"]]>
              </value>
            </param>
          </params>
          <reporter-output>
          </reporter-output>
        </test-method> <!-- runScenario -->
        <test-method signature="runScenario(io.cucumber.testng.PickleWrapper,io.cucumber.testng.FeatureWrapper)[pri:0, instance:testRunner.TestNGRunner@5a7fe64f]" started-at="2023-05-17T16:35:23 EDT" name="runScenario" description="Runs Cucumber Scenarios" data-provider="scenarios" finished-at="2023-05-17T16:35:24 EDT" duration-ms="388" status="PASS">
          <params>
            <param index="0">
              <value>
                <![CDATA["user navigating to Introduction of LinkedlistPage and using Data from Excel to evaluate"]]>
              </value>
            </param>
            <param index="1">
              <value>
                <![CDATA["Optional[Evaluate Linkedlist Module]"]]>
              </value>
            </param>
          </params>
          <reporter-output>
          </reporter-output>
        </test-method> <!-- runScenario -->
        <test-method signature="runScenario(io.cucumber.testng.PickleWrapper,io.cucumber.testng.FeatureWrapper)[pri:0, instance:testRunner.TestNGRunner@5a7fe64f]" started-at="2023-05-17T16:35:24 EDT" name="runScenario" description="Runs Cucumber Scenarios" data-provider="scenarios" finished-at="2023-05-17T16:35:24 EDT" duration-ms="343" status="PASS">
          <params>
            <param index="0">
              <value>
                <![CDATA["user navigating to Introduction of LinkedlistPage and using Data from Excel to evaluate"]]>
              </value>
            </param>
            <param index="1">
              <value>
                <![CDATA["Optional[Evaluate Linkedlist Module]"]]>
              </value>
            </param>
          </params>
          <reporter-output>
          </reporter-output>
        </test-method> <!-- runScenario -->
        <test-method signature="runScenario(io.cucumber.testng.PickleWrapper,io.cucumber.testng.FeatureWrapper)[pri:0, instance:testRunner.TestNGRunner@5a7fe64f]" started-at="2023-05-17T16:35:24 EDT" name="runScenario" description="Runs Cucumber Scenarios" data-provider="scenarios" finished-at="2023-05-17T16:35:25 EDT" duration-ms="534" status="PASS">
          <params>
            <param index="0">
              <value>
                <![CDATA["User navigating to Creating a Linked list page"]]>
              </value>
            </param>
            <param index="1">
              <value>
                <![CDATA["Optional[Evaluate Linkedlist Module]"]]>
              </value>
            </param>
          </params>
          <reporter-output>
          </reporter-output>
        </test-method> <!-- runScenario -->
        <test-method signature="runScenario(io.cucumber.testng.PickleWrapper,io.cucumber.testng.FeatureWrapper)[pri:0, instance:testRunner.TestNGRunner@5a7fe64f]" started-at="2023-05-17T16:35:25 EDT" name="runScenario" description="Runs Cucumber Scenarios" data-provider="scenarios" finished-at="2023-05-17T16:35:25 EDT" duration-ms="514" status="PASS">
          <params>
            <param index="0">
              <value>
                <![CDATA["User navigating to Creating a Linked list page"]]>
              </value>
            </param>
            <param index="1">
              <value>
                <![CDATA["Optional[Evaluate Linkedlist Module]"]]>
              </value>
            </param>
          </params>
          <reporter-output>
          </reporter-output>
        </test-method> <!-- runScenario -->
        <test-method signature="runScenario(io.cucumber.testng.PickleWrapper,io.cucumber.testng.FeatureWrapper)[pri:0, instance:testRunner.TestNGRunner@5a7fe64f]" started-at="2023-05-17T16:35:25 EDT" name="runScenario" description="Runs Cucumber Scenarios" data-provider="scenarios" finished-at="2023-05-17T16:35:26 EDT" duration-ms="578" status="PASS">
          <params>
            <param index="0">
              <value>
                <![CDATA["User navigating to Types of Linked list page"]]>
              </value>
            </param>
            <param index="1">
              <value>
                <![CDATA["Optional[Evaluate Linkedlist Module]"]]>
              </value>
            </param>
          </params>
          <reporter-output>
          </reporter-output>
        </test-method> <!-- runScenario -->
        <test-method signature="runScenario(io.cucumber.testng.PickleWrapper,io.cucumber.testng.FeatureWrapper)[pri:0, instance:testRunner.TestNGRunner@5a7fe64f]" started-at="2023-05-17T16:35:26 EDT" name="runScenario" description="Runs Cucumber Scenarios" data-provider="scenarios" finished-at="2023-05-17T16:35:26 EDT" duration-ms="553" status="PASS">
          <params>
            <param index="0">
              <value>
                <![CDATA["User navigating to Types of Linked list page"]]>
              </value>
            </param>
            <param index="1">
              <value>
                <![CDATA["Optional[Evaluate Linkedlist Module]"]]>
              </value>
            </param>
          </params>
          <reporter-output>
          </reporter-output>
        </test-method> <!-- runScenario -->
        <test-method signature="runScenario(io.cucumber.testng.PickleWrapper,io.cucumber.testng.FeatureWrapper)[pri:0, instance:testRunner.TestNGRunner@5a7fe64f]" started-at="2023-05-17T16:35:26 EDT" name="runScenario" description="Runs Cucumber Scenarios" data-provider="scenarios" finished-at="2023-05-17T16:35:27 EDT" duration-ms="604" status="PASS">
          <params>
            <param index="0">
              <value>
                <![CDATA["User navigating to Implement Linked list page"]]>
              </value>
            </param>
            <param index="1">
              <value>
                <![CDATA["Optional[Evaluate Linkedlist Module]"]]>
              </value>
            </param>
          </params>
          <reporter-output>
          </reporter-output>
        </test-method> <!-- runScenario -->
        <test-method signature="runScenario(io.cucumber.testng.PickleWrapper,io.cucumber.testng.FeatureWrapper)[pri:0, instance:testRunner.TestNGRunner@5a7fe64f]" started-at="2023-05-17T16:35:27 EDT" name="runScenario" description="Runs Cucumber Scenarios" data-provider="scenarios" finished-at="2023-05-17T16:35:28 EDT" duration-ms="703" status="PASS">
          <params>
            <param index="0">
              <value>
                <![CDATA["User navigating to Implement Linked list page"]]>
              </value>
            </param>
            <param index="1">
              <value>
                <![CDATA["Optional[Evaluate Linkedlist Module]"]]>
              </value>
            </param>
          </params>
          <reporter-output>
          </reporter-output>
        </test-method> <!-- runScenario -->
        <test-method signature="runScenario(io.cucumber.testng.PickleWrapper,io.cucumber.testng.FeatureWrapper)[pri:0, instance:testRunner.TestNGRunner@5a7fe64f]" started-at="2023-05-17T16:35:28 EDT" name="runScenario" description="Runs Cucumber Scenarios" data-provider="scenarios" finished-at="2023-05-17T16:35:28 EDT" duration-ms="584" status="PASS">
          <params>
            <param index="0">
              <value>
                <![CDATA["User navigating to Traversal of Linked list page"]]>
              </value>
            </param>
            <param index="1">
              <value>
                <![CDATA["Optional[Evaluate Linkedlist Module]"]]>
              </value>
            </param>
          </params>
          <reporter-output>
          </reporter-output>
        </test-method> <!-- runScenario -->
        <test-method signature="runScenario(io.cucumber.testng.PickleWrapper,io.cucumber.testng.FeatureWrapper)[pri:0, instance:testRunner.TestNGRunner@5a7fe64f]" started-at="2023-05-17T16:35:28 EDT" name="runScenario" description="Runs Cucumber Scenarios" data-provider="scenarios" finished-at="2023-05-17T16:35:29 EDT" duration-ms="572" status="PASS">
          <params>
            <param index="0">
              <value>
                <![CDATA["User navigating to Traversal of Linked list page"]]>
              </value>
            </param>
            <param index="1">
              <value>
                <![CDATA["Optional[Evaluate Linkedlist Module]"]]>
              </value>
            </param>
          </params>
          <reporter-output>
          </reporter-output>
        </test-method> <!-- runScenario -->
        <test-method signature="runScenario(io.cucumber.testng.PickleWrapper,io.cucumber.testng.FeatureWrapper)[pri:0, instance:testRunner.TestNGRunner@5a7fe64f]" started-at="2023-05-17T16:35:29 EDT" name="runScenario" description="Runs Cucumber Scenarios" data-provider="scenarios" finished-at="2023-05-17T16:35:29 EDT" duration-ms="599" status="PASS">
          <params>
            <param index="0">
              <value>
                <![CDATA["User navigating to Insertion of Linked list page"]]>
              </value>
            </param>
            <param index="1">
              <value>
                <![CDATA["Optional[Evaluate Linkedlist Module]"]]>
              </value>
            </param>
          </params>
          <reporter-output>
          </reporter-output>
        </test-method> <!-- runScenario -->
        <test-method signature="runScenario(io.cucumber.testng.PickleWrapper,io.cucumber.testng.FeatureWrapper)[pri:0, instance:testRunner.TestNGRunner@5a7fe64f]" started-at="2023-05-17T16:35:29 EDT" name="runScenario" description="Runs Cucumber Scenarios" data-provider="scenarios" finished-at="2023-05-17T16:35:30 EDT" duration-ms="549" status="PASS">
          <params>
            <param index="0">
              <value>
                <![CDATA["User navigating to Insertion of Linked list page"]]>
              </value>
            </param>
            <param index="1">
              <value>
                <![CDATA["Optional[Evaluate Linkedlist Module]"]]>
              </value>
            </param>
          </params>
          <reporter-output>
          </reporter-output>
        </test-method> <!-- runScenario -->
        <test-method signature="runScenario(io.cucumber.testng.PickleWrapper,io.cucumber.testng.FeatureWrapper)[pri:0, instance:testRunner.TestNGRunner@5a7fe64f]" started-at="2023-05-17T16:35:30 EDT" name="runScenario" description="Runs Cucumber Scenarios" data-provider="scenarios" finished-at="2023-05-17T16:35:31 EDT" duration-ms="550" status="PASS">
          <params>
            <param index="0">
              <value>
                <![CDATA["User navigating to Deletion of Linked list page"]]>
              </value>
            </param>
            <param index="1">
              <value>
                <![CDATA["Optional[Evaluate Linkedlist Module]"]]>
              </value>
            </param>
          </params>
          <reporter-output>
          </reporter-output>
        </test-method> <!-- runScenario -->
        <test-method signature="runScenario(io.cucumber.testng.PickleWrapper,io.cucumber.testng.FeatureWrapper)[pri:0, instance:testRunner.TestNGRunner@5a7fe64f]" started-at="2023-05-17T16:35:31 EDT" name="runScenario" description="Runs Cucumber Scenarios" data-provider="scenarios" finished-at="2023-05-17T16:35:31 EDT" duration-ms="505" status="PASS">
          <params>
            <param index="0">
              <value>
                <![CDATA["User navigating to Deletion of Linked list page"]]>
              </value>
            </param>
            <param index="1">
              <value>
                <![CDATA["Optional[Evaluate Linkedlist Module]"]]>
              </value>
            </param>
          </params>
          <reporter-output>
          </reporter-output>
        </test-method> <!-- runScenario -->
        <test-method signature="runScenario(io.cucumber.testng.PickleWrapper,io.cucumber.testng.FeatureWrapper)[pri:0, instance:testRunner.TestNGRunner@5a7fe64f]" started-at="2023-05-17T16:35:31 EDT" name="runScenario" description="Runs Cucumber Scenarios" data-provider="scenarios" finished-at="2023-05-17T16:35:31 EDT" duration-ms="372" status="PASS">
          <params>
            <param index="0">
              <value>
                <![CDATA["User validating Practice Questions Page"]]>
              </value>
            </param>
            <param index="1">
              <value>
                <![CDATA["Optional[Evaluate Linkedlist Module]"]]>
              </value>
            </param>
          </params>
          <reporter-output>
          </reporter-output>
        </test-method> <!-- runScenario -->
        <test-method is-config="true" signature="tearDownClass()[pri:0, instance:testRunner.TestNGRunner@5a7fe64f]" started-at="2023-05-17T16:35:31 EDT" name="tearDownClass" finished-at="2023-05-17T16:35:32 EDT" duration-ms="148" status="PASS">
          <reporter-output>
          </reporter-output>
        </test-method> <!-- tearDownClass -->
      </class> <!-- testRunner.TestNGRunner -->
    </test> <!-- EdgeTest -->
  </suite> <!-- crossBrowserTestSuite -->
</testng-results>
