<?xml version="1.0" encoding="UTF-8"?>
<testng-results ignored="0" total="3" passed="3" failed="0" skipped="0">
  <reporter-output>
  </reporter-output>
  <suite started-at="2023-05-31T21:37:53 EDT" name="Default suite" finished-at="2023-05-31T21:37:59 EDT" duration-ms="6675">
    <groups>
      <group name="cucumber">
        <method signature="AbstractTestNGCucumberTests.runScenario(io.cucumber.testng.PickleWrapper,io.cucumber.testng.FeatureWrapper)[pri:0, instance:testRunner.TestNGRunner@dc7df28]" name="runScenario" class="io.cucumber.testng.AbstractTestNGCucumberTests"/>
      </group> <!-- cucumber -->
    </groups>
    <test started-at="2023-05-31T21:37:53 EDT" name="Default test" finished-at="2023-05-31T21:37:59 EDT" duration-ms="6675">
      <class name="testRunner.TestNGRunner">
        <test-method is-config="true" signature="definebrowser(java.lang.String)[pri:0, instance:testRunner.TestNGRunner@dc7df28]" started-at="2023-05-31T21:37:53 EDT" name="definebrowser" finished-at="2023-05-31T21:37:53 EDT" duration-ms="25" status="PASS">
          <params>
            <param index="0">
              <value is-null="true"/>
            </param>
          </params>
          <reporter-output>
          </reporter-output>
        </test-method> <!-- definebrowser -->
        <test-method is-config="true" signature="setUpClass(org.testng.ITestContext)[pri:0, instance:testRunner.TestNGRunner@dc7df28]" started-at="2023-05-31T21:37:53 EDT" name="setUpClass" finished-at="2023-05-31T21:37:56 EDT" duration-ms="3173" status="PASS">
          <params>
            <param index="0">
              <value>
                <![CDATA[org.testng.TestRunner@b01cb8d]]>
              </value>
            </param>
          </params>
          <reporter-output>
          </reporter-output>
        </test-method> <!-- setUpClass -->
        <test-method signature="runScenario(io.cucumber.testng.PickleWrapper,io.cucumber.testng.FeatureWrapper)[pri:0, instance:testRunner.TestNGRunner@dc7df28]" started-at="2023-05-31T21:37:56 EDT" name="runScenario" description="Runs Cucumber Scenarios" data-provider="scenarios" finished-at="2023-05-31T21:37:58 EDT" duration-ms="2109" status="PASS">
          <params>
            <param index="0">
              <value>
                <![CDATA["Launch url and navigate to home page"]]>
              </value>
            </param>
            <param index="1">
              <value>
                <![CDATA["Optional[feature to test ds algo portal link]"]]>
              </value>
            </param>
          </params>
          <reporter-output>
          </reporter-output>
        </test-method> <!-- runScenario -->
        <test-method signature="runScenario(io.cucumber.testng.PickleWrapper,io.cucumber.testng.FeatureWrapper)[pri:0, instance:testRunner.TestNGRunner@dc7df28]" started-at="2023-05-31T21:37:58 EDT" name="runScenario" description="Runs Cucumber Scenarios" data-provider="scenarios" finished-at="2023-05-31T21:37:58 EDT" duration-ms="348" status="PASS">
          <params>
            <param index="0">
              <value>
                <![CDATA["User navigate to home page"]]>
              </value>
            </param>
            <param index="1">
              <value>
                <![CDATA["Optional[evaluate home page]"]]>
              </value>
            </param>
          </params>
          <reporter-output>
          </reporter-output>
        </test-method> <!-- runScenario -->
        <test-method signature="runScenario(io.cucumber.testng.PickleWrapper,io.cucumber.testng.FeatureWrapper)[pri:0, instance:testRunner.TestNGRunner@dc7df28]" started-at="2023-05-31T21:37:58 EDT" name="runScenario" description="Runs Cucumber Scenarios" data-provider="scenarios" finished-at="2023-05-31T21:37:59 EDT" duration-ms="675" status="PASS">
          <params>
            <param index="0">
              <value>
                <![CDATA["Launch url and navigate to home page"]]>
              </value>
            </param>
            <param index="1">
              <value>
                <![CDATA["Optional[evaluate home page]"]]>
              </value>
            </param>
          </params>
          <reporter-output>
          </reporter-output>
        </test-method> <!-- runScenario -->
        <test-method is-config="true" signature="tearDownClass()[pri:0, instance:testRunner.TestNGRunner@dc7df28]" started-at="2023-05-31T21:37:59 EDT" name="tearDownClass" finished-at="2023-05-31T21:37:59 EDT" duration-ms="228" status="PASS">
          <reporter-output>
          </reporter-output>
        </test-method> <!-- tearDownClass -->
      </class> <!-- testRunner.TestNGRunner -->
    </test> <!-- Default test -->
  </suite> <!-- Default suite -->
</testng-results>
