<?xml version="1.0" encoding="UTF-8"?>
<!-- Generated by org.testng.reporters.JUnitReportReporter -->
<testsuite hostname="LAPTOP-TINQNFE1" failures="0" tests="110" name="testRunner.TestNGRunner" time="80.252" errors="3" timestamp="2023-05-17T16:35:32 EDT" skipped="0">
  <testcase classname="testRunner.TestNGRunner" name="runScenario" time="1.204"/>
  <system-out/>
  <testcase classname="testRunner.TestNGRunner" name="runScenario" time="0.427"/>
  <system-out/>
  <testcase classname="testRunner.TestNGRunner" name="runScenario" time="1.055"/>
  <system-out/>
  <testcase classname="testRunner.TestNGRunner" name="runScenario" time="0.309"/>
  <system-out/>
  <testcase classname="testRunner.TestNGRunner" name="runScenario" time="0.411"/>
  <system-out/>
  <testcase classname="testRunner.TestNGRunner" name="runScenario" time="0.403"/>
  <system-out/>
  <testcase classname="testRunner.TestNGRunner" name="runScenario" time="0.394"/>
  <system-out/>
  <testcase classname="testRunner.TestNGRunner" name="runScenario" time="0.447"/>
  <system-out/>
  <testcase classname="testRunner.TestNGRunner" name="runScenario" time="0.537"/>
  <system-out/>
  <testcase classname="testRunner.TestNGRunner" name="runScenario" time="0.469"/>
  <system-out/>
  <testcase classname="testRunner.TestNGRunner" name="runScenario" time="0.749"/>
  <system-out/>
  <testcase classname="testRunner.TestNGRunner" name="runScenario" time="0.603"/>
  <system-out/>
  <testcase classname="testRunner.TestNGRunner" name="runScenario" time="0.591"/>
  <system-out/>
  <testcase classname="testRunner.TestNGRunner" name="runScenario" time="0.448"/>
  <system-out/>
  <testcase classname="testRunner.TestNGRunner" name="runScenario" time="0.354"/>
  <system-out/>
  <testcase classname="testRunner.TestNGRunner" name="runScenario" time="0.763"/>
  <system-out/>
  <testcase classname="testRunner.TestNGRunner" name="runScenario" time="0.425"/>
  <system-out/>
  <testcase classname="testRunner.TestNGRunner" name="runScenario" time="0.212"/>
  <system-out/>
  <testcase classname="testRunner.TestNGRunner" name="runScenario" time="0.505"/>
  <system-out/>
  <testcase classname="testRunner.TestNGRunner" name="runScenario" time="0.429"/>
  <system-out/>
  <testcase classname="testRunner.TestNGRunner" name="runScenario" time="0.466"/>
  <system-out/>
  <testcase classname="testRunner.TestNGRunner" name="runScenario" time="0.372"/>
  <system-out/>
  <testcase classname="testRunner.TestNGRunner" name="runScenario" time="0.416"/>
  <system-out/>
  <testcase classname="testRunner.TestNGRunner" name="runScenario" time="0.890"/>
  <system-out/>
  <testcase classname="testRunner.TestNGRunner" name="runScenario" time="0.526"/>
  <system-out/>
  <testcase classname="testRunner.TestNGRunner" name="runScenario" time="0.575"/>
  <system-out/>
  <testcase classname="testRunner.TestNGRunner" name="runScenario" time="0.534"/>
  <system-out/>
  <testcase classname="testRunner.TestNGRunner" name="runScenario" time="0.558"/>
  <system-out/>
  <testcase classname="testRunner.TestNGRunner" name="runScenario" time="0.285"/>
  <system-out/>
  <testcase classname="testRunner.TestNGRunner" name="runScenario" time="1.018"/>
  <system-out/>
  <testcase classname="testRunner.TestNGRunner" name="runScenario" time="1.273"/>
  <system-out/>
  <testcase classname="testRunner.TestNGRunner" name="runScenario" time="0.585"/>
  <system-out/>
  <testcase classname="testRunner.TestNGRunner" name="runScenario" time="0.447"/>
  <system-out/>
  <testcase classname="testRunner.TestNGRunner" name="runScenario" time="0.405"/>
  <system-out/>
  <testcase classname="testRunner.TestNGRunner" name="runScenario" time="0.757"/>
  <system-out/>
  <testcase classname="testRunner.TestNGRunner" name="runScenario" time="0.635"/>
  <system-out/>
  <testcase classname="testRunner.TestNGRunner" name="runScenario" time="0.604"/>
  <system-out/>
  <testcase classname="testRunner.TestNGRunner" name="runScenario" time="0.383"/>
  <system-out/>
  <testcase classname="testRunner.TestNGRunner" name="runScenario" time="0.415"/>
  <system-out/>
  <testcase classname="testRunner.TestNGRunner" name="runScenario" time="0.566"/>
  <system-out/>
  <testcase classname="testRunner.TestNGRunner" name="runScenario" time="5.226">
    <error message="no such element: Unable to locate element: {&quot;method&quot;:&quot;xpath&quot;,&quot;selector&quot;:&quot;//a[text()=&#039;Try here&gt;&gt;&gt;&#039;]&quot;}
  (Session info: chrome=113.0.5672.93)
For documentation on this error, please visit: https://selenium.dev/exceptions/#no_such_element
Build info: version: &#039;4.9.0&#039;, revision: &#039;d7057100a6&#039;
System info: os.name: &#039;Windows 11&#039;, os.arch: &#039;amd64&#039;, os.version: &#039;10.0&#039;, java.version: &#039;20.0.1&#039;
Driver info: org.openqa.selenium.chrome.ChromeDriver
Command: [3068c2da2dbe360a63ab18fd95996fd9, findElement {using=xpath, value=//a[text()=&#039;Try here&gt;&gt;&gt;&#039;]}]
Capabilities {acceptInsecureCerts: false, browserName: chrome, browserVersion: 113.0.5672.93, chrome: {chromedriverVersion: 113.0.5672.63 (0e1a4471d5ae..., userDataDir: C:\Users\kiran\AppData\Loca...}, goog:chromeOptions: {debuggerAddress: localhost:60280}, networkConnectionEnabled: false, pageLoadStrategy: normal, platformName: WINDOWS, proxy: Proxy(), se:cdp: ws://localhost:60280/devtoo..., se:cdpVersion: 113.0.5672.93, setWindowRect: true, strictFileInteractability: false, timeouts: {implicit: 0, pageLoad: 300000, script: 30000}, unhandledPromptBehavior: dismiss and notify, webauthn:extension:credBlob: true, webauthn:extension:largeBlob: true, webauthn:extension:minPinLength: true, webauthn:extension:prf: true, webauthn:virtualAuthenticators: true}
Session ID: 3068c2da2dbe360a63ab18fd95996fd9" type="org.openqa.selenium.NoSuchElementException">
      <![CDATA[org.openqa.selenium.NoSuchElementException: no such element: Unable to locate element: {"method":"xpath","selector":"//a[text()='Try here>>>']"}
  (Session info: chrome=113.0.5672.93)
For documentation on this error, please visit: https://selenium.dev/exceptions/#no_such_element
Build info: version: '4.9.0', revision: 'd7057100a6'
System info: os.name: 'Windows 11', os.arch: 'amd64', os.version: '10.0', java.version: '20.0.1'
Driver info: org.openqa.selenium.chrome.ChromeDriver
Command: [3068c2da2dbe360a63ab18fd95996fd9, findElement {using=xpath, value=//a[text()='Try here>>>']}]
Capabilities {acceptInsecureCerts: false, browserName: chrome, browserVersion: 113.0.5672.93, chrome: {chromedriverVersion: 113.0.5672.63 (0e1a4471d5ae..., userDataDir: C:\Users\kiran\AppData\Loca...}, goog:chromeOptions: {debuggerAddress: localhost:60280}, networkConnectionEnabled: false, pageLoadStrategy: normal, platformName: WINDOWS, proxy: Proxy(), se:cdp: ws://localhost:60280/devtoo..., se:cdpVersion: 113.0.5672.93, setWindowRect: true, strictFileInteractability: false, timeouts: {implicit: 0, pageLoad: 300000, script: 30000}, unhandledPromptBehavior: dismiss and notify, webauthn:extension:credBlob: true, webauthn:extension:largeBlob: true, webauthn:extension:minPinLength: true, webauthn:extension:prf: true, webauthn:virtualAuthenticators: true}
Session ID: 3068c2da2dbe360a63ab18fd95996fd9
at java.base/jdk.internal.reflect.DirectConstructorHandleAccessor.newInstance(DirectConstructorHandleAccessor.java:67)
at java.base/java.lang.reflect.Constructor.newInstanceWithCaller(Constructor.java:500)
at java.base/java.lang.reflect.Constructor.newInstance(Constructor.java:484)
at org.openqa.selenium.remote.codec.w3c.W3CHttpResponseCodec.createException(W3CHttpResponseCodec.java:200)
at org.openqa.selenium.remote.codec.w3c.W3CHttpResponseCodec.decode(W3CHttpResponseCodec.java:133)
at org.openqa.selenium.remote.codec.w3c.W3CHttpResponseCodec.decode(W3CHttpResponseCodec.java:53)
at org.openqa.selenium.remote.HttpCommandExecutor.execute(HttpCommandExecutor.java:193)
at org.openqa.selenium.remote.service.DriverCommandExecutor.invokeExecute(DriverCommandExecutor.java:183)
at org.openqa.selenium.remote.service.DriverCommandExecutor.execute(DriverCommandExecutor.java:158)
at org.openqa.selenium.remote.RemoteWebDriver.execute(RemoteWebDriver.java:543)
at org.openqa.selenium.remote.ElementLocation$ElementFinder$2.findElement(ElementLocation.java:162)
at org.openqa.selenium.remote.ElementLocation.findElement(ElementLocation.java:60)
at org.openqa.selenium.remote.RemoteWebDriver.findElement(RemoteWebDriver.java:352)
at org.openqa.selenium.remote.RemoteWebDriver.findElement(RemoteWebDriver.java:344)
at org.openqa.selenium.support.pagefactory.DefaultElementLocator.findElement(DefaultElementLocator.java:70)
at org.openqa.selenium.support.pagefactory.internal.LocatingElementHandler.invoke(LocatingElementHandler.java:39)
at jdk.proxy2/jdk.proxy2.$Proxy46.click(Unknown Source)
at pageObjects.ArraysPage.TryHere(ArraysPage.java:68)
at stepdefinitions.ArraysSteps.click_try_here_button_and_navigate_to_try_edidor_page(ArraysSteps.java:133)
at ✽.click Try here button and navigate to try edidor page(file:///C:/Users/kiran/eclipse-workspace/DsAlgo_Project/src/test/resources/features/5Datastructures.feature:19)
]]>
    </error>
  </testcase> <!-- runScenario -->
  <system-out/>
  <testcase classname="testRunner.TestNGRunner" name="runScenario" time="0.398"/>
  <system-out/>
  <testcase classname="testRunner.TestNGRunner" name="runScenario" time="0.466"/>
  <system-out/>
  <testcase classname="testRunner.TestNGRunner" name="runScenario" time="0.516"/>
  <system-out/>
  <testcase classname="testRunner.TestNGRunner" name="runScenario" time="0.412"/>
  <system-out/>
  <testcase classname="testRunner.TestNGRunner" name="runScenario" time="0.487"/>
  <system-out/>
  <testcase classname="testRunner.TestNGRunner" name="runScenario" time="0.451"/>
  <system-out/>
  <testcase classname="testRunner.TestNGRunner" name="runScenario" time="0.566"/>
  <system-out/>
  <testcase classname="testRunner.TestNGRunner" name="runScenario" time="0.388"/>
  <system-out/>
  <testcase classname="testRunner.TestNGRunner" name="runScenario" time="0.377"/>
  <system-out/>
  <testcase classname="testRunner.TestNGRunner" name="runScenario" time="0.427"/>
  <system-out/>
  <testcase classname="testRunner.TestNGRunner" name="runScenario" time="0.395"/>
  <system-out/>
  <testcase classname="testRunner.TestNGRunner" name="runScenario" time="0.550"/>
  <system-out/>
  <testcase classname="testRunner.TestNGRunner" name="runScenario" time="0.487"/>
  <system-out/>
  <testcase classname="testRunner.TestNGRunner" name="runScenario" time="5.182">
    <error message="no such element: Unable to locate element: {&quot;method&quot;:&quot;link text&quot;,&quot;selector&quot;:&quot;Practice Questions&quot;}
  (Session info: chrome=113.0.5672.93)
For documentation on this error, please visit: https://selenium.dev/exceptions/#no_such_element
Build info: version: &#039;4.9.0&#039;, revision: &#039;d7057100a6&#039;
System info: os.name: &#039;Windows 11&#039;, os.arch: &#039;amd64&#039;, os.version: &#039;10.0&#039;, java.version: &#039;20.0.1&#039;
Driver info: org.openqa.selenium.chrome.ChromeDriver
Command: [3068c2da2dbe360a63ab18fd95996fd9, findElement {using=link text, value=Practice Questions}]
Capabilities {acceptInsecureCerts: false, browserName: chrome, browserVersion: 113.0.5672.93, chrome: {chromedriverVersion: 113.0.5672.63 (0e1a4471d5ae..., userDataDir: C:\Users\kiran\AppData\Loca...}, goog:chromeOptions: {debuggerAddress: localhost:60280}, networkConnectionEnabled: false, pageLoadStrategy: normal, platformName: WINDOWS, proxy: Proxy(), se:cdp: ws://localhost:60280/devtoo..., se:cdpVersion: 113.0.5672.93, setWindowRect: true, strictFileInteractability: false, timeouts: {implicit: 0, pageLoad: 300000, script: 30000}, unhandledPromptBehavior: dismiss and notify, webauthn:extension:credBlob: true, webauthn:extension:largeBlob: true, webauthn:extension:minPinLength: true, webauthn:extension:prf: true, webauthn:virtualAuthenticators: true}
Session ID: 3068c2da2dbe360a63ab18fd95996fd9" type="org.openqa.selenium.NoSuchElementException">
      <![CDATA[org.openqa.selenium.NoSuchElementException: no such element: Unable to locate element: {"method":"link text","selector":"Practice Questions"}
  (Session info: chrome=113.0.5672.93)
For documentation on this error, please visit: https://selenium.dev/exceptions/#no_such_element
Build info: version: '4.9.0', revision: 'd7057100a6'
System info: os.name: 'Windows 11', os.arch: 'amd64', os.version: '10.0', java.version: '20.0.1'
Driver info: org.openqa.selenium.chrome.ChromeDriver
Command: [3068c2da2dbe360a63ab18fd95996fd9, findElement {using=link text, value=Practice Questions}]
Capabilities {acceptInsecureCerts: false, browserName: chrome, browserVersion: 113.0.5672.93, chrome: {chromedriverVersion: 113.0.5672.63 (0e1a4471d5ae..., userDataDir: C:\Users\kiran\AppData\Loca...}, goog:chromeOptions: {debuggerAddress: localhost:60280}, networkConnectionEnabled: false, pageLoadStrategy: normal, platformName: WINDOWS, proxy: Proxy(), se:cdp: ws://localhost:60280/devtoo..., se:cdpVersion: 113.0.5672.93, setWindowRect: true, strictFileInteractability: false, timeouts: {implicit: 0, pageLoad: 300000, script: 30000}, unhandledPromptBehavior: dismiss and notify, webauthn:extension:credBlob: true, webauthn:extension:largeBlob: true, webauthn:extension:minPinLength: true, webauthn:extension:prf: true, webauthn:virtualAuthenticators: true}
Session ID: 3068c2da2dbe360a63ab18fd95996fd9
at java.base/jdk.internal.reflect.DirectConstructorHandleAccessor.newInstance(DirectConstructorHandleAccessor.java:67)
at java.base/java.lang.reflect.Constructor.newInstanceWithCaller(Constructor.java:500)
at java.base/java.lang.reflect.Constructor.newInstance(Constructor.java:484)
at org.openqa.selenium.remote.codec.w3c.W3CHttpResponseCodec.createException(W3CHttpResponseCodec.java:200)
at org.openqa.selenium.remote.codec.w3c.W3CHttpResponseCodec.decode(W3CHttpResponseCodec.java:133)
at org.openqa.selenium.remote.codec.w3c.W3CHttpResponseCodec.decode(W3CHttpResponseCodec.java:53)
at org.openqa.selenium.remote.HttpCommandExecutor.execute(HttpCommandExecutor.java:193)
at org.openqa.selenium.remote.service.DriverCommandExecutor.invokeExecute(DriverCommandExecutor.java:183)
at org.openqa.selenium.remote.service.DriverCommandExecutor.execute(DriverCommandExecutor.java:158)
at org.openqa.selenium.remote.RemoteWebDriver.execute(RemoteWebDriver.java:543)
at org.openqa.selenium.remote.ElementLocation$ElementFinder$2.findElement(ElementLocation.java:162)
at org.openqa.selenium.remote.ElementLocation.findElement(ElementLocation.java:60)
at org.openqa.selenium.remote.RemoteWebDriver.findElement(RemoteWebDriver.java:352)
at org.openqa.selenium.remote.RemoteWebDriver.findElement(RemoteWebDriver.java:344)
at org.openqa.selenium.support.pagefactory.DefaultElementLocator.findElement(DefaultElementLocator.java:70)
at org.openqa.selenium.support.pagefactory.internal.LocatingElementHandler.invoke(LocatingElementHandler.java:39)
at jdk.proxy2/jdk.proxy2.$Proxy46.click(Unknown Source)
at pageObjects.DatastructurePage.practicequestions(DatastructurePage.java:59)
at stepdefinitions.DatastructureSteps.user_click_on_practice_questons(DatastructureSteps.java:27)
at ✽.User click on practice questons(file:///C:/Users/kiran/eclipse-workspace/DsAlgo_Project/src/test/resources/features/5Datastructures.feature:29)
]]>
    </error>
  </testcase> <!-- runScenario -->
  <system-out/>
  <testcase classname="testRunner.TestNGRunner" name="runScenario" time="0.514"/>
  <system-out/>
  <testcase classname="testRunner.TestNGRunner" name="runScenario" time="0.578"/>
  <system-out/>
  <testcase classname="testRunner.TestNGRunner" name="runScenario" time="1.134"/>
  <system-out/>
  <testcase classname="testRunner.TestNGRunner" name="runScenario" time="0.437"/>
  <system-out/>
  <testcase classname="testRunner.TestNGRunner" name="runScenario" time="0.537"/>
  <system-out/>
  <testcase classname="testRunner.TestNGRunner" name="runScenario" time="0.282"/>
  <system-out/>
  <testcase classname="testRunner.TestNGRunner" name="runScenario" time="0.439"/>
  <system-out/>
  <testcase classname="testRunner.TestNGRunner" name="runScenario" time="0.539"/>
  <system-out/>
  <testcase classname="testRunner.TestNGRunner" name="runScenario" time="0.405"/>
  <system-out/>
  <testcase classname="testRunner.TestNGRunner" name="runScenario" time="0.514"/>
  <system-out/>
  <testcase classname="testRunner.TestNGRunner" name="runScenario" time="0.549"/>
  <system-out/>
  <testcase classname="testRunner.TestNGRunner" name="runScenario" time="1.370"/>
  <system-out/>
  <testcase classname="testRunner.TestNGRunner" name="runScenario" time="0.407"/>
  <system-out/>
  <testcase classname="testRunner.TestNGRunner" name="runScenario" time="3.815"/>
  <system-out/>
  <testcase classname="testRunner.TestNGRunner" name="runScenario" time="0.464"/>
  <system-out/>
  <testcase classname="testRunner.TestNGRunner" name="runScenario" time="0.580"/>
  <system-out/>
  <testcase classname="testRunner.TestNGRunner" name="runScenario" time="0.478"/>
  <system-out/>
  <testcase classname="testRunner.TestNGRunner" name="runScenario" time="0.381"/>
  <system-out/>
  <testcase classname="testRunner.TestNGRunner" name="runScenario" time="0.315"/>
  <system-out/>
  <testcase classname="testRunner.TestNGRunner" name="runScenario" time="0.517"/>
  <system-out/>
  <testcase classname="testRunner.TestNGRunner" name="runScenario" time="0.501"/>
  <system-out/>
  <testcase classname="testRunner.TestNGRunner" name="runScenario" time="0.568"/>
  <system-out/>
  <testcase classname="testRunner.TestNGRunner" name="runScenario" time="0.473"/>
  <system-out/>
  <testcase classname="testRunner.TestNGRunner" name="runScenario" time="1.305"/>
  <system-out/>
  <testcase classname="testRunner.TestNGRunner" name="runScenario" time="0.599"/>
  <system-out/>
  <testcase classname="testRunner.TestNGRunner" name="runScenario" time="0.539"/>
  <system-out/>
  <testcase classname="testRunner.TestNGRunner" name="runScenario" time="0.467"/>
  <system-out/>
  <testcase classname="testRunner.TestNGRunner" name="runScenario" time="0.572"/>
  <system-out/>
  <testcase classname="testRunner.TestNGRunner" name="runScenario" time="6.494">
    <error message="element not interactable
  (Session info: chrome=113.0.5672.93)
Build info: version: &#039;4.9.0&#039;, revision: &#039;d7057100a6&#039;
System info: os.name: &#039;Windows 11&#039;, os.arch: &#039;amd64&#039;, os.version: &#039;10.0&#039;, java.version: &#039;20.0.1&#039;
Driver info: org.openqa.selenium.chrome.ChromeDriver
Command: [3068c2da2dbe360a63ab18fd95996fd9, sendKeysToElement {id=8D74B9896CCC3ED00DDA7D9279447D3A_element_210, value=[Ljava.lang.CharSequence;@2d705998}]
Capabilities {acceptInsecureCerts: false, browserName: chrome, browserVersion: 113.0.5672.93, chrome: {chromedriverVersion: 113.0.5672.63 (0e1a4471d5ae..., userDataDir: C:\Users\kiran\AppData\Loca...}, goog:chromeOptions: {debuggerAddress: localhost:60280}, networkConnectionEnabled: false, pageLoadStrategy: normal, platformName: WINDOWS, proxy: Proxy(), se:cdp: ws://localhost:60280/devtoo..., se:cdpVersion: 113.0.5672.93, setWindowRect: true, strictFileInteractability: false, timeouts: {implicit: 0, pageLoad: 300000, script: 30000}, unhandledPromptBehavior: dismiss and notify, webauthn:extension:credBlob: true, webauthn:extension:largeBlob: true, webauthn:extension:minPinLength: true, webauthn:extension:prf: true, webauthn:virtualAuthenticators: true}
Element: [[ChromeDriver: chrome on WINDOWS (3068c2da2dbe360a63ab18fd95996fd9)] -&gt; xpath: //form[@id=&#039;answer_form&#039;]/div/div/div/textarea]
Session ID: 3068c2da2dbe360a63ab18fd95996fd9" type="org.openqa.selenium.ElementNotInteractableException">
      <![CDATA[org.openqa.selenium.ElementNotInteractableException: element not interactable
  (Session info: chrome=113.0.5672.93)
Build info: version: '4.9.0', revision: 'd7057100a6'
System info: os.name: 'Windows 11', os.arch: 'amd64', os.version: '10.0', java.version: '20.0.1'
Driver info: org.openqa.selenium.chrome.ChromeDriver
Command: [3068c2da2dbe360a63ab18fd95996fd9, sendKeysToElement {id=8D74B9896CCC3ED00DDA7D9279447D3A_element_210, value=[Ljava.lang.CharSequence;@2d705998}]
Capabilities {acceptInsecureCerts: false, browserName: chrome, browserVersion: 113.0.5672.93, chrome: {chromedriverVersion: 113.0.5672.63 (0e1a4471d5ae..., userDataDir: C:\Users\kiran\AppData\Loca...}, goog:chromeOptions: {debuggerAddress: localhost:60280}, networkConnectionEnabled: false, pageLoadStrategy: normal, platformName: WINDOWS, proxy: Proxy(), se:cdp: ws://localhost:60280/devtoo..., se:cdpVersion: 113.0.5672.93, setWindowRect: true, strictFileInteractability: false, timeouts: {implicit: 0, pageLoad: 300000, script: 30000}, unhandledPromptBehavior: dismiss and notify, webauthn:extension:credBlob: true, webauthn:extension:largeBlob: true, webauthn:extension:minPinLength: true, webauthn:extension:prf: true, webauthn:virtualAuthenticators: true}
Element: [[ChromeDriver: chrome on WINDOWS (3068c2da2dbe360a63ab18fd95996fd9)] -> xpath: //form[@id='answer_form']/div/div/div/textarea]
Session ID: 3068c2da2dbe360a63ab18fd95996fd9
at java.base/jdk.internal.reflect.DirectConstructorHandleAccessor.newInstance(DirectConstructorHandleAccessor.java:67)
at java.base/java.lang.reflect.Constructor.newInstanceWithCaller(Constructor.java:500)
at java.base/java.lang.reflect.Constructor.newInstance(Constructor.java:484)
at org.openqa.selenium.remote.codec.w3c.W3CHttpResponseCodec.createException(W3CHttpResponseCodec.java:200)
at org.openqa.selenium.remote.codec.w3c.W3CHttpResponseCodec.decode(W3CHttpResponseCodec.java:133)
at org.openqa.selenium.remote.codec.w3c.W3CHttpResponseCodec.decode(W3CHttpResponseCodec.java:53)
at org.openqa.selenium.remote.HttpCommandExecutor.execute(HttpCommandExecutor.java:193)
at org.openqa.selenium.remote.service.DriverCommandExecutor.invokeExecute(DriverCommandExecutor.java:183)
at org.openqa.selenium.remote.service.DriverCommandExecutor.execute(DriverCommandExecutor.java:158)
at org.openqa.selenium.remote.RemoteWebDriver.execute(RemoteWebDriver.java:543)
at org.openqa.selenium.remote.RemoteWebElement.execute(RemoteWebElement.java:257)
at org.openqa.selenium.remote.RemoteWebElement.sendKeys(RemoteWebElement.java:113)
at java.base/jdk.internal.reflect.DirectMethodHandleAccessor.invoke(DirectMethodHandleAccessor.java:104)
at java.base/java.lang.reflect.Method.invoke(Method.java:578)
at org.openqa.selenium.support.pagefactory.internal.LocatingElementHandler.invoke(LocatingElementHandler.java:52)
at jdk.proxy2/jdk.proxy2.$Proxy46.sendKeys(Unknown Source)
at pageObjects.ArraysPage.Txtarea(ArraysPage.java:73)
at stepdefinitions.ArraysSteps.the_user_enter_valid_python_code_in_try_editor_from_sheet_and(ArraysSteps.java:77)
at ✽.The user enter valid python code in tryEditor from sheet "Sheet1" and 0(file:///C:/Users/kiran/eclipse-workspace/DsAlgo_Project/src/test/resources/features/5Datastructures.feature:10)
]]>
    </error>
  </testcase> <!-- runScenario -->
  <system-out/>
  <testcase classname="testRunner.TestNGRunner" name="runScenario" time="1.116"/>
  <system-out/>
  <testcase classname="testRunner.TestNGRunner" name="runScenario" time="0.771"/>
  <system-out/>
  <testcase classname="testRunner.TestNGRunner" name="runScenario" time="0.339"/>
  <system-out/>
  <testcase classname="testRunner.TestNGRunner" name="runScenario" time="0.549"/>
  <system-out/>
  <testcase classname="testRunner.TestNGRunner" name="runScenario" time="0.394"/>
  <system-out/>
  <testcase classname="testRunner.TestNGRunner" name="runScenario" time="0.591"/>
  <system-out/>
  <testcase classname="testRunner.TestNGRunner" name="runScenario" time="0.566"/>
  <system-out/>
  <testcase classname="testRunner.TestNGRunner" name="runScenario" time="0.538"/>
  <system-out/>
  <testcase classname="testRunner.TestNGRunner" name="runScenario" time="0.380"/>
  <system-out/>
  <testcase classname="testRunner.TestNGRunner" name="runScenario" time="0.377"/>
  <system-out/>
  <testcase classname="testRunner.TestNGRunner" name="runScenario" time="0.377"/>
  <system-out/>
  <testcase classname="testRunner.TestNGRunner" name="runScenario" time="0.598"/>
  <system-out/>
  <testcase classname="testRunner.TestNGRunner" name="runScenario" time="0.343"/>
  <system-out/>
  <testcase classname="testRunner.TestNGRunner" name="runScenario" time="0.864"/>
  <system-out/>
  <testcase classname="testRunner.TestNGRunner" name="runScenario" time="0.591"/>
  <system-out/>
  <testcase classname="testRunner.TestNGRunner" name="runScenario" time="0.553"/>
  <system-out/>
  <testcase classname="testRunner.TestNGRunner" name="runScenario" time="0.703"/>
  <system-out/>
  <testcase classname="testRunner.TestNGRunner" name="runScenario" time="0.412"/>
  <system-out/>
  <testcase classname="testRunner.TestNGRunner" name="runScenario" time="0.584"/>
  <system-out/>
  <testcase classname="testRunner.TestNGRunner" name="runScenario" time="0.455"/>
  <system-out/>
  <testcase classname="testRunner.TestNGRunner" name="runScenario" time="2.289"/>
  <system-out/>
  <testcase classname="testRunner.TestNGRunner" name="runScenario" time="0.428"/>
  <system-out/>
  <testcase classname="testRunner.TestNGRunner" name="runScenario" time="0.403"/>
  <system-out/>
  <testcase classname="testRunner.TestNGRunner" name="runScenario" time="0.587"/>
  <system-out/>
  <testcase classname="testRunner.TestNGRunner" name="runScenario" time="0.541"/>
  <system-out/>
  <testcase classname="testRunner.TestNGRunner" name="runScenario" time="0.357"/>
  <system-out/>
</testsuite> <!-- testRunner.TestNGRunner -->
